GROUP,PACKAGE,CLASS,INSTRUCTION_MISSED,INSTRUCTION_COVERED,BRANCH_MISSED,BRANCH_COVERED,LINE_MISSED,LINE_COVERED,COMPLEXITY_MISSED,COMPLEXITY_COVERED,METHOD_MISSED,METHOD_COVERED
vtl-transform,it.bancaditalia.oss.vtl.impl.transform.ops,DatasetUnaryTransformation,186,0,20,0,29,0,17,0,7,0
vtl-transform,it.bancaditalia.oss.vtl.impl.transform.ops,StringUnaryTransformation.StringOperator,117,0,0,0,14,0,8,0,8,0
vtl-transform,it.bancaditalia.oss.vtl.impl.transform.ops,CheckHierarchyTransformation.Output,34,0,0,0,2,0,1,0,1,0
vtl-transform,it.bancaditalia.oss.vtl.impl.transform.ops,ComparisonTransformation,383,233,59,15,47,40,45,7,8,7
vtl-transform,it.bancaditalia.oss.vtl.impl.transform.ops,ConditionalTransformation,447,0,48,0,69,0,34,0,10,0
vtl-transform,it.bancaditalia.oss.vtl.impl.transform.ops,CheckTransformation,372,0,30,0,67,0,25,0,10,0
vtl-transform,it.bancaditalia.oss.vtl.impl.transform.ops,StringUnaryTransformation,192,0,10,0,31,0,14,0,9,0
vtl-transform,it.bancaditalia.oss.vtl.impl.transform.ops,AggregateTransformation,317,0,22,0,45,0,26,0,15,0
vtl-transform,it.bancaditalia.oss.vtl.impl.transform.ops,BracketTransformation,129,0,12,0,20,0,12,0,6,0
vtl-transform,it.bancaditalia.oss.vtl.impl.transform.ops,CastTransformation,614,0,64,0,91,0,58,0,26,0
vtl-transform,it.bancaditalia.oss.vtl.impl.transform.ops,ExistsInTransformation.ExistsInMode,34,0,0,0,2,0,1,0,1,0
vtl-transform,it.bancaditalia.oss.vtl.impl.transform.ops,StrlenTransformation,57,0,4,0,10,0,9,0,7,0
vtl-transform,it.bancaditalia.oss.vtl.impl.transform.ops,CheckHierarchyTransformation,277,0,22,0,46,0,18,0,7,0
vtl-transform,it.bancaditalia.oss.vtl.impl.transform.ops,InclusionTransformation,141,0,4,0,21,0,9,0,7,0
vtl-transform,it.bancaditalia.oss.vtl.impl.transform.ops,SetTransformation,138,0,4,0,21,0,12,0,10,0
vtl-transform,it.bancaditalia.oss.vtl.impl.transform.ops,BinaryTransformation,92,32,18,2,11,8,12,2,2,2
vtl-transform,it.bancaditalia.oss.vtl.impl.transform.ops,JoinTransformation.JoinOperator,44,0,0,0,2,0,1,0,1,0
vtl-transform,it.bancaditalia.oss.vtl.impl.transform.ops,ParenthesesTransformation,25,0,0,0,6,0,5,0,5,0
vtl-transform,it.bancaditalia.oss.vtl.impl.transform.ops,CheckHierarchyTransformation.Input,24,0,0,0,2,0,1,0,1,0
vtl-transform,it.bancaditalia.oss.vtl.impl.transform.ops,NotTransformation,125,0,12,0,24,0,14,0,8,0
vtl-transform,it.bancaditalia.oss.vtl.impl.transform.ops,UnaryTransformation,40,0,6,0,9,0,7,0,4,0
vtl-transform,it.bancaditalia.oss.vtl.impl.transform.ops,NumericUnaryTransformation,122,0,8,0,23,0,12,0,8,0
vtl-transform,it.bancaditalia.oss.vtl.impl.transform.ops,CallTransformation,180,0,6,0,24,0,12,0,9,0
vtl-transform,it.bancaditalia.oss.vtl.impl.transform.ops,BooleanUnaryTransformation,111,0,8,0,22,0,12,0,8,0
vtl-transform,it.bancaditalia.oss.vtl.impl.transform.ops,ConcatTransformation,184,210,30,12,27,39,24,10,4,9
vtl-transform,it.bancaditalia.oss.vtl.impl.transform.ops,VarIDOperand,6,16,0,0,2,5,2,3,2,3
vtl-transform,it.bancaditalia.oss.vtl.impl.transform.ops,BooleanUnaryTransformation.BooleanUnaryOperator,58,0,4,0,7,0,7,0,5,0
vtl-transform,it.bancaditalia.oss.vtl.impl.transform.ops,ConstantOperand,33,0,2,0,9,0,7,0,6,0
vtl-transform,it.bancaditalia.oss.vtl.impl.transform.ops,InclusionTransformation.InOperator,49,0,0,0,9,0,4,0,4,0
vtl-transform,it.bancaditalia.oss.vtl.impl.transform.ops,JoinTransformation,1421,0,108,0,232,0,112,0,58,0
vtl-transform,it.bancaditalia.oss.vtl.impl.transform.ops,TransformationImpl,0,3,0,0,0,1,0,1,0,1
vtl-transform,it.bancaditalia.oss.vtl.impl.transform.ops,JoinTransformation.JoinOperand,52,0,6,0,7,0,7,0,4,0
vtl-transform,it.bancaditalia.oss.vtl.impl.transform.ops,ExistsInTransformation,294,0,24,0,43,0,24,0,12,0
vtl-transform,it.bancaditalia.oss.vtl.impl.transform.ops,NumericUnaryTransformation.NumericOperator,229,0,12,0,23,0,16,0,10,0
vtl-transform,it.bancaditalia.oss.vtl.impl.transform.ops,BetweenTransformation,212,0,24,0,30,0,19,0,7,0
vtl-transform,it.bancaditalia.oss.vtl.impl.transform.ops,ArithmeticTransformation,569,323,76,26,66,59,64,17,18,12
vtl-transform,it.bancaditalia.oss.vtl.impl.transform.ops,CheckTransformation.CheckOutput,24,0,0,0,2,0,1,0,1,0
vtl-transform,it.bancaditalia.oss.vtl.impl.transform.ops,SetTransformation.SetOperator,156,0,0,0,16,0,15,0,15,0
vtl-transform,it.bancaditalia.oss.vtl.impl.transform.ops,DatasetUnaryTransformation.DatasetOperator,206,0,6,0,32,0,16,0,13,0
vtl-transform,it.bancaditalia.oss.vtl.impl.transform.ops,BooleanTransformation.BooleanBiOperator,0,91,0,8,0,9,0,11,0,7
vtl-transform,it.bancaditalia.oss.vtl.impl.transform.ops,BooleanTransformation,176,211,24,14,18,38,22,8,5,6
vtl-transform,it.bancaditalia.oss.vtl.impl.transform.dataset,FilteredMappedJoinedDataSet,181,0,0,0,19,0,15,0,15,0
vtl-transform,it.bancaditalia.oss.vtl.impl.transform.dataset,LightF2DataSet,23,0,0,0,6,0,2,0,2,0
vtl-transform,it.bancaditalia.oss.vtl.impl.transform.dataset,LightFDataSet,18,0,0,0,5,0,2,0,2,0
vtl-transform,it.bancaditalia.oss.vtl.impl.transform.time,PeriodIndicatorTransformation,205,0,22,0,46,0,18,0,7,0
vtl-transform,it.bancaditalia.oss.vtl.impl.transform.time,FillTimeSeriesTransformation,331,0,18,0,58,0,22,0,13,0
vtl-transform,it.bancaditalia.oss.vtl.impl.transform.time,TimeAggTransformation,155,0,6,0,28,0,9,0,6,0
vtl-transform,it.bancaditalia.oss.vtl.impl.transform.time,TimeSeriesTransformation,59,0,4,0,11,0,5,0,3,0
vtl-transform,it.bancaditalia.oss.vtl.impl.transform.time,FillTimeSeriesTransformation.FillMode,37,0,0,0,6,0,3,0,3,0
vtl-transform,it.bancaditalia.oss.vtl.impl.transform.time,TimeShiftTransformation,82,0,0,0,12,0,6,0,6,0
vtl-transform,it.bancaditalia.oss.vtl.impl.transform.clause,AggrClauseTransformation.AggrClauseItem,67,0,2,0,13,0,10,0,9,0
vtl-transform,it.bancaditalia.oss.vtl.impl.transform.clause,CalcClauseTransformation,277,0,22,0,48,0,19,0,8,0
vtl-transform,it.bancaditalia.oss.vtl.impl.transform.clause,SubspaceClauseTransformation,176,0,8,0,26,0,15,0,11,0
vtl-transform,it.bancaditalia.oss.vtl.impl.transform.clause,CalcClauseTransformation.CalcClauseItem,67,0,2,0,12,0,9,0,8,0
vtl-transform,it.bancaditalia.oss.vtl.impl.transform.clause,DatasetClauseTransformation,16,0,0,0,5,0,5,0,5,0
vtl-transform,it.bancaditalia.oss.vtl.impl.transform.clause,RenameClauseTransformation,232,0,6,0,34,0,16,0,13,0
vtl-transform,it.bancaditalia.oss.vtl.impl.transform.clause,FilterClauseTransformation,131,0,10,0,23,0,12,0,7,0
vtl-transform,it.bancaditalia.oss.vtl.impl.transform.clause,DropClauseTransformation,150,0,4,0,27,0,13,0,11,0
vtl-transform,it.bancaditalia.oss.vtl.impl.transform.clause,AggrClauseTransformation,420,0,32,0,62,0,28,0,12,0
vtl-transform,it.bancaditalia.oss.vtl.impl.transform.clause,PivotClauseTransformation,265,0,8,0,39,0,17,0,13,0
vtl-transform,it.bancaditalia.oss.vtl.impl.transform.clause,KeepClauseTransformation,150,0,8,0,28,0,13,0,9,0
vtl-transform,it.bancaditalia.oss.vtl.impl.transform.scope,ThisScope,102,0,12,0,24,0,12,0,6,0
vtl-transform,it.bancaditalia.oss.vtl.impl.transform.scope,ParamScope,56,0,4,0,12,0,7,0,5,0
vtl-transform,it.bancaditalia.oss.vtl.impl.transform.scope,JoinApplyScope,142,0,12,0,24,0,17,0,11,0
vtl-transform,it.bancaditalia.oss.vtl.impl.transform.scope,DatapointScope,163,0,6,0,15,0,18,0,15,0
vtl-transform,it.bancaditalia.oss.vtl.impl.transform.exceptions,VTLIncompatibleMeasuresException,32,0,0,0,6,0,3,0,3,0
vtl-transform,it.bancaditalia.oss.vtl.impl.transform.exceptions,VTLEvalException,12,0,0,0,2,0,1,0,1,0
vtl-transform,it.bancaditalia.oss.vtl.impl.transform.exceptions,VTLIncompatibleRolesException,29,0,0,0,3,0,1,0,1,0
vtl-transform,it.bancaditalia.oss.vtl.impl.transform.exceptions,VTLInvalidParameterException,50,0,0,0,4,0,2,0,2,0
vtl-transform,it.bancaditalia.oss.vtl.impl.transform.exceptions,VTLSyntaxException,23,0,0,0,4,0,2,0,2,0
vtl-transform,it.bancaditalia.oss.vtl.impl.transform.exceptions,VTLExpectedComponentException,36,0,0,0,4,0,2,0,2,0
vtl-transform,it.bancaditalia.oss.vtl.impl.transform.exceptions,VTLAmbiguousComponentException,22,0,0,0,2,0,1,0,1,0
