<?xml version="1.0" encoding="UTF-8" standalone="yes"?><!DOCTYPE report PUBLIC "-//JACOCO//DTD Report 1.1//EN" "report.dtd"><report name="vtl-transform"><sessioninfo id="STU068-c84192ac" start="1590488712079" dump="1590488730106"/><package name="it/bancaditalia/oss/vtl/impl/transform/ops"><class name="it/bancaditalia/oss/vtl/impl/transform/ops/DatasetUnaryTransformation" sourcefilename="DatasetUnaryTransformation.java"><method name="bothIntegers" desc="(Lit/bancaditalia/oss/vtl/model/data/ScalarValue;Lit/bancaditalia/oss/vtl/model/data/ScalarValue;)Z" line="71"><counter type="INSTRUCTION" missed="10" covered="0"/><counter type="BRANCH" missed="4" covered="0"/><counter type="LINE" missed="1" covered="0"/><counter type="COMPLEXITY" missed="3" covered="0"/><counter type="METHOD" missed="1" covered="0"/></method><method name="&lt;init&gt;" desc="(Lit/bancaditalia/oss/vtl/impl/transform/ops/DatasetUnaryTransformation$DatasetOperator;Lit/bancaditalia/oss/vtl/model/transform/Transformation;)V" line="131"><counter type="INSTRUCTION" missed="7" covered="0"/><counter type="LINE" missed="3" covered="0"/><counter type="COMPLEXITY" missed="1" covered="0"/><counter type="METHOD" missed="1" covered="0"/></method><method name="evalOnDataset" desc="(Lit/bancaditalia/oss/vtl/model/data/DataSet;)Lit/bancaditalia/oss/vtl/model/data/VTLValue;" line="138"><counter type="INSTRUCTION" missed="15" covered="0"/><counter type="LINE" missed="1" covered="0"/><counter type="COMPLEXITY" missed="1" covered="0"/><counter type="METHOD" missed="1" covered="0"/></method><method name="evalOnScalar" desc="(Lit/bancaditalia/oss/vtl/model/data/ScalarValue;)Lit/bancaditalia/oss/vtl/model/data/VTLValue;" line="144"><counter type="INSTRUCTION" missed="11" covered="0"/><counter type="LINE" missed="1" covered="0"/><counter type="COMPLEXITY" missed="1" covered="0"/><counter type="METHOD" missed="1" covered="0"/></method><method name="getMetadata" desc="(Lit/bancaditalia/oss/vtl/model/transform/TransformationScheme;)Lit/bancaditalia/oss/vtl/model/data/VTLValue$VTLValueMetadata;" line="150"><counter type="INSTRUCTION" missed="124" covered="0"/><counter type="BRANCH" missed="16" covered="0"/><counter type="LINE" missed="21" covered="0"/><counter type="COMPLEXITY" missed="9" covered="0"/><counter type="METHOD" missed="1" covered="0"/></method><method name="toString" desc="()Ljava/lang/String;" line="188"><counter type="INSTRUCTION" missed="15" covered="0"/><counter type="LINE" missed="1" covered="0"/><counter type="COMPLEXITY" missed="1" covered="0"/><counter type="METHOD" missed="1" covered="0"/></method><method name="&lt;clinit&gt;" desc="()V" line="67"><counter type="INSTRUCTION" missed="4" covered="0"/><counter type="LINE" missed="1" covered="0"/><counter type="COMPLEXITY" missed="1" covered="0"/><counter type="METHOD" missed="1" covered="0"/></method><counter type="INSTRUCTION" missed="186" covered="0"/><counter type="BRANCH" missed="20" covered="0"/><counter type="LINE" missed="29" covered="0"/><counter type="COMPLEXITY" missed="17" covered="0"/><counter type="METHOD" missed="7" covered="0"/><counter type="CLASS" missed="1" covered="0"/></class><class name="it/bancaditalia/oss/vtl/impl/transform/ops/StringUnaryTransformation$StringOperator" sourcefilename="StringUnaryTransformation.java"><method name="&lt;init&gt;" desc="(Ljava/lang/String;ILjava/lang/String;Ljava/util/function/UnaryOperator;Ljava/util/function/UnaryOperator;)V" line="68"><counter type="INSTRUCTION" missed="15" covered="0"/><counter type="LINE" missed="5" covered="0"/><counter type="COMPLEXITY" missed="1" covered="0"/><counter type="METHOD" missed="1" covered="0"/></method><method name="toString" desc="()Ljava/lang/String;" line="77"><counter type="INSTRUCTION" missed="3" covered="0"/><counter type="LINE" missed="1" covered="0"/><counter type="COMPLEXITY" missed="1" covered="0"/><counter type="METHOD" missed="1" covered="0"/></method><method name="getCodeListMapper" desc="()Ljava/util/function/UnaryOperator;" line="82"><counter type="INSTRUCTION" missed="3" covered="0"/><counter type="LINE" missed="1" covered="0"/><counter type="COMPLEXITY" missed="1" covered="0"/><counter type="METHOD" missed="1" covered="0"/></method><method name="apply" desc="(Lit/bancaditalia/oss/vtl/model/data/ScalarValue;)Lit/bancaditalia/oss/vtl/impl/types/data/StringValue;" line="88"><counter type="INSTRUCTION" missed="6" covered="0"/><counter type="LINE" missed="1" covered="0"/><counter type="COMPLEXITY" missed="1" covered="0"/><counter type="METHOD" missed="1" covered="0"/></method><method name="lambda$new$2" desc="(Ljava/util/function/UnaryOperator;Lit/bancaditalia/oss/vtl/model/data/ScalarValue;)Lit/bancaditalia/oss/vtl/impl/types/data/StringValue;" line="71"><counter type="INSTRUCTION" missed="11" covered="0"/><counter type="LINE" missed="1" covered="0"/><counter type="COMPLEXITY" missed="1" covered="0"/><counter type="METHOD" missed="1" covered="0"/></method><method name="lambda$static$1" desc="(Ljava/lang/String;)Ljava/lang/String;" line="59"><counter type="INSTRUCTION" missed="5" covered="0"/><counter type="LINE" missed="1" covered="0"/><counter type="COMPLEXITY" missed="1" covered="0"/><counter type="METHOD" missed="1" covered="0"/></method><method name="lambda$static$0" desc="(Ljava/lang/String;)Ljava/lang/String;" line="58"><counter type="INSTRUCTION" missed="5" covered="0"/><counter type="LINE" missed="1" covered="0"/><counter type="COMPLEXITY" missed="1" covered="0"/><counter type="METHOD" missed="1" covered="0"/></method><method name="&lt;clinit&gt;" desc="()V" line="55"><counter type="INSTRUCTION" missed="69" covered="0"/><counter type="LINE" missed="6" covered="0"/><counter type="COMPLEXITY" missed="1" covered="0"/><counter type="METHOD" missed="1" covered="0"/></method><counter type="INSTRUCTION" missed="117" covered="0"/><counter type="LINE" missed="14" covered="0"/><counter type="COMPLEXITY" missed="8" covered="0"/><counter type="METHOD" missed="8" covered="0"/><counter type="CLASS" missed="1" covered="0"/></class><class name="it/bancaditalia/oss/vtl/impl/transform/ops/CheckHierarchyTransformation$Output" sourcefilename="CheckHierarchyTransformation.java"><method name="&lt;clinit&gt;" desc="()V" line="62"><counter type="INSTRUCTION" missed="34" covered="0"/><counter type="LINE" missed="2" covered="0"/><counter type="COMPLEXITY" missed="1" covered="0"/><counter type="METHOD" missed="1" covered="0"/></method><counter type="INSTRUCTION" missed="34" covered="0"/><counter type="LINE" missed="2" covered="0"/><counter type="COMPLEXITY" missed="1" covered="0"/><counter type="METHOD" missed="1" covered="0"/><counter type="CLASS" missed="1" covered="0"/></class><class name="it/bancaditalia/oss/vtl/impl/transform/ops/ComparisonTransformation" sourcefilename="ComparisonTransformation.java"><method name="&lt;init&gt;" desc="(Lit/bancaditalia/oss/vtl/impl/types/operators/ComparisonOperator;Lit/bancaditalia/oss/vtl/model/transform/Transformation;Lit/bancaditalia/oss/vtl/model/transform/Transformation;)V" line="61"><counter type="INSTRUCTION" missed="0" covered="11"/><counter type="LINE" missed="0" covered="4"/><counter type="COMPLEXITY" missed="0" covered="1"/><counter type="METHOD" missed="0" covered="1"/></method><method name="evalTwoScalars" desc="(Lit/bancaditalia/oss/vtl/model/data/ScalarValue;Lit/bancaditalia/oss/vtl/model/data/ScalarValue;)Lit/bancaditalia/oss/vtl/model/data/VTLValue;" line="73"><counter type="INSTRUCTION" missed="28" covered="0"/><counter type="BRANCH" missed="6" covered="0"/><counter type="LINE" missed="6" covered="0"/><counter type="COMPLEXITY" missed="4" covered="0"/><counter type="METHOD" missed="1" covered="0"/></method><method name="evalDatasetWithScalar" desc="(ZLit/bancaditalia/oss/vtl/model/data/DataSet;Lit/bancaditalia/oss/vtl/model/data/ScalarValue;)Lit/bancaditalia/oss/vtl/model/data/VTLValue;" line="87"><counter type="INSTRUCTION" missed="75" covered="0"/><counter type="BRANCH" missed="10" covered="0"/><counter type="LINE" missed="12" covered="0"/><counter type="COMPLEXITY" missed="6" covered="0"/><counter type="METHOD" missed="1" covered="0"/></method><method name="evalTwoDatasets" desc="(Lit/bancaditalia/oss/vtl/model/data/DataSet;Lit/bancaditalia/oss/vtl/model/data/DataSet;)Lit/bancaditalia/oss/vtl/model/data/VTLValue;" line="111"><counter type="INSTRUCTION" missed="2" covered="61"/><counter type="BRANCH" missed="2" covered="2"/><counter type="LINE" missed="0" covered="10"/><counter type="COMPLEXITY" missed="2" covered="1"/><counter type="METHOD" missed="0" covered="1"/></method><method name="getMetadata" desc="(Lit/bancaditalia/oss/vtl/model/transform/TransformationScheme;)Lit/bancaditalia/oss/vtl/model/data/VTLValue$VTLValueMetadata;" line="145"><counter type="INSTRUCTION" missed="200" covered="115"/><counter type="BRANCH" missed="40" covered="12"/><counter type="LINE" missed="28" covered="19"/><counter type="COMPLEXITY" missed="26" covered="1"/><counter type="METHOD" missed="0" covered="1"/></method><method name="toString" desc="()Ljava/lang/String;" line="219"><counter type="INSTRUCTION" missed="18" covered="0"/><counter type="LINE" missed="1" covered="0"/><counter type="COMPLEXITY" missed="1" covered="0"/><counter type="METHOD" missed="1" covered="0"/></method><method name="lambda$evalTwoDatasets$7" desc="(Lit/bancaditalia/oss/vtl/model/data/DataStructureComponent;Ljava/util/function/BiFunction;Lit/bancaditalia/oss/vtl/model/data/DataStructureComponent;Lit/bancaditalia/oss/vtl/model/data/DataStructureComponent;Lit/bancaditalia/oss/vtl/model/data/DataPoint;Lit/bancaditalia/oss/vtl/model/data/DataPoint;)Lit/bancaditalia/oss/vtl/model/data/DataPoint;" line="127"><counter type="INSTRUCTION" missed="0" covered="28"/><counter type="LINE" missed="0" covered="5"/><counter type="COMPLEXITY" missed="0" covered="1"/><counter type="METHOD" missed="0" covered="1"/></method><method name="lambda$evalTwoDatasets$6" desc="(Lit/bancaditalia/oss/vtl/model/data/DataPoint;Lit/bancaditalia/oss/vtl/model/data/DataPoint;)Z" line="126"><counter type="INSTRUCTION" missed="0" covered="2"/><counter type="LINE" missed="0" covered="1"/><counter type="COMPLEXITY" missed="0" covered="1"/><counter type="METHOD" missed="0" covered="1"/></method><method name="lambda$evalTwoDatasets$5" desc="(Lit/bancaditalia/oss/vtl/model/data/ScalarValue;Lit/bancaditalia/oss/vtl/model/data/ScalarValue;)Lit/bancaditalia/oss/vtl/model/data/ScalarValue;" line="120"><counter type="INSTRUCTION" missed="8" covered="13"/><counter type="BRANCH" missed="1" covered="1"/><counter type="LINE" missed="0" covered="1"/><counter type="COMPLEXITY" missed="1" covered="1"/><counter type="METHOD" missed="0" covered="1"/></method><method name="lambda$evalDatasetWithScalar$4" desc="(Lit/bancaditalia/oss/vtl/model/data/DataStructureComponent;Lit/bancaditalia/oss/vtl/model/data/ScalarValue;Lit/bancaditalia/oss/vtl/model/data/DataStructureComponent;Lit/bancaditalia/oss/vtl/model/data/DataPoint;)Ljava/util/Map;" line="105"><counter type="INSTRUCTION" missed="11" covered="0"/><counter type="LINE" missed="1" covered="0"/><counter type="COMPLEXITY" missed="1" covered="0"/><counter type="METHOD" missed="1" covered="0"/></method><method name="lambda$evalDatasetWithScalar$3" desc="(Lit/bancaditalia/oss/vtl/model/data/DataStructureComponent;Lit/bancaditalia/oss/vtl/model/data/ScalarValue;Lit/bancaditalia/oss/vtl/model/data/DataStructureComponent;Lit/bancaditalia/oss/vtl/model/data/DataPoint;)Ljava/util/Map;" line="103"><counter type="INSTRUCTION" missed="14" covered="0"/><counter type="LINE" missed="1" covered="0"/><counter type="COMPLEXITY" missed="1" covered="0"/><counter type="METHOD" missed="1" covered="0"/></method><method name="lambda$evalDatasetWithScalar$2" desc="(Lit/bancaditalia/oss/vtl/model/data/DataStructureComponent;Lit/bancaditalia/oss/vtl/model/data/ScalarValue;Lit/bancaditalia/oss/vtl/model/data/DataStructureComponent;Lit/bancaditalia/oss/vtl/model/data/DataPoint;)Ljava/util/Map;" line="100"><counter type="INSTRUCTION" missed="14" covered="0"/><counter type="LINE" missed="1" covered="0"/><counter type="COMPLEXITY" missed="1" covered="0"/><counter type="METHOD" missed="1" covered="0"/></method><method name="lambda$evalDatasetWithScalar$1" desc="(Lit/bancaditalia/oss/vtl/model/data/DataStructureComponent;Lit/bancaditalia/oss/vtl/model/data/DataStructureComponent;Lit/bancaditalia/oss/vtl/model/data/ScalarValue;Lit/bancaditalia/oss/vtl/model/data/DataPoint;)Ljava/util/Map;" line="98"><counter type="INSTRUCTION" missed="11" covered="0"/><counter type="LINE" missed="1" covered="0"/><counter type="COMPLEXITY" missed="1" covered="0"/><counter type="METHOD" missed="1" covered="0"/></method><method name="lambda$static$0" desc="()Lit/bancaditalia/oss/vtl/model/domain/BooleanDomainSubset;" line="56"><counter type="INSTRUCTION" missed="2" covered="0"/><counter type="LINE" missed="1" covered="0"/><counter type="COMPLEXITY" missed="1" covered="0"/><counter type="METHOD" missed="1" covered="0"/></method><method name="&lt;clinit&gt;" desc="()V" line="56"><counter type="INSTRUCTION" missed="0" covered="3"/><counter type="LINE" missed="0" covered="1"/><counter type="COMPLEXITY" missed="0" covered="1"/><counter type="METHOD" missed="0" covered="1"/></method><counter type="INSTRUCTION" missed="383" covered="233"/><counter type="BRANCH" missed="59" covered="15"/><counter type="LINE" missed="47" covered="40"/><counter type="COMPLEXITY" missed="45" covered="7"/><counter type="METHOD" missed="8" covered="7"/><counter type="CLASS" missed="0" covered="1"/></class><class name="it/bancaditalia/oss/vtl/impl/transform/ops/ConditionalTransformation" sourcefilename="ConditionalTransformation.java"><method name="&lt;init&gt;" desc="(Lit/bancaditalia/oss/vtl/model/transform/Transformation;Lit/bancaditalia/oss/vtl/model/transform/Transformation;Lit/bancaditalia/oss/vtl/model/transform/Transformation;)V" line="58"><counter type="INSTRUCTION" missed="12" covered="0"/><counter type="LINE" missed="5" covered="0"/><counter type="COMPLEXITY" missed="1" covered="0"/><counter type="METHOD" missed="1" covered="0"/></method><method name="eval" desc="(Lit/bancaditalia/oss/vtl/model/transform/TransformationScheme;)Lit/bancaditalia/oss/vtl/model/data/VTLValue;" line="72"><counter type="INSTRUCTION" missed="102" covered="0"/><counter type="BRANCH" missed="10" covered="0"/><counter type="LINE" missed="18" covered="0"/><counter type="COMPLEXITY" missed="6" covered="0"/><counter type="METHOD" missed="1" covered="0"/></method><method name="isTerminal" desc="()Z" line="117"><counter type="INSTRUCTION" missed="2" covered="0"/><counter type="LINE" missed="1" covered="0"/><counter type="COMPLEXITY" missed="1" covered="0"/><counter type="METHOD" missed="1" covered="0"/></method><method name="getTerminals" desc="()Ljava/util/Set;" line="123"><counter type="INSTRUCTION" missed="18" covered="0"/><counter type="LINE" missed="3" covered="0"/><counter type="COMPLEXITY" missed="1" covered="0"/><counter type="METHOD" missed="1" covered="0"/></method><method name="getMetadata" desc="(Lit/bancaditalia/oss/vtl/model/transform/TransformationScheme;)Lit/bancaditalia/oss/vtl/model/data/VTLValue$VTLValueMetadata;" line="131"><counter type="INSTRUCTION" missed="224" covered="0"/><counter type="BRANCH" missed="30" covered="0"/><counter type="LINE" missed="32" covered="0"/><counter type="COMPLEXITY" missed="16" covered="0"/><counter type="METHOD" missed="1" covered="0"/></method><method name="toString" desc="()Ljava/lang/String;" line="187"><counter type="INSTRUCTION" missed="20" covered="0"/><counter type="LINE" missed="1" covered="0"/><counter type="COMPLEXITY" missed="1" covered="0"/><counter type="METHOD" missed="1" covered="0"/></method><method name="lambda$getMetadata$3" desc="(Lit/bancaditalia/oss/vtl/model/data/VTLValue$VTLValueMetadata;Lit/bancaditalia/oss/vtl/model/data/DataStructureComponent;)Z" line="175"><counter type="INSTRUCTION" missed="7" covered="0"/><counter type="LINE" missed="1" covered="0"/><counter type="COMPLEXITY" missed="1" covered="0"/><counter type="METHOD" missed="1" covered="0"/></method><method name="lambda$eval$2" desc="(Lit/bancaditalia/oss/vtl/model/data/DataStructureComponent;Lit/bancaditalia/oss/vtl/model/data/VTLValue;Lit/bancaditalia/oss/vtl/model/data/DataSet;Ljava/util/Set;Ljava/util/Map;Lit/bancaditalia/oss/vtl/model/data/DataPoint;)Ljava/util/Map;" line="101"><counter type="INSTRUCTION" missed="31" covered="0"/><counter type="BRANCH" missed="4" covered="0"/><counter type="LINE" missed="6" covered="0"/><counter type="COMPLEXITY" missed="3" covered="0"/><counter type="METHOD" missed="1" covered="0"/></method><method name="lambda$eval$1" desc="(Lit/bancaditalia/oss/vtl/model/data/VTLValue;Lit/bancaditalia/oss/vtl/model/data/VTLValue;Lit/bancaditalia/oss/vtl/model/data/DataStructureComponent;)Lit/bancaditalia/oss/vtl/model/data/ScalarValue;" line="99"><counter type="INSTRUCTION" missed="8" covered="0"/><counter type="BRANCH" missed="2" covered="0"/><counter type="LINE" missed="1" covered="0"/><counter type="COMPLEXITY" missed="2" covered="0"/><counter type="METHOD" missed="1" covered="0"/></method><method name="lambda$eval$0" desc="(Lit/bancaditalia/oss/vtl/model/data/DataStructureComponent;Lit/bancaditalia/oss/vtl/model/data/VTLValue;Lit/bancaditalia/oss/vtl/model/data/VTLValue;Ljava/util/Set;Lit/bancaditalia/oss/vtl/model/data/DataPoint;)Ljava/util/Map;" line="89"><counter type="INSTRUCTION" missed="23" covered="0"/><counter type="BRANCH" missed="2" covered="0"/><counter type="LINE" missed="5" covered="0"/><counter type="COMPLEXITY" missed="2" covered="0"/><counter type="METHOD" missed="1" covered="0"/></method><counter type="INSTRUCTION" missed="447" covered="0"/><counter type="BRANCH" missed="48" covered="0"/><counter type="LINE" missed="69" covered="0"/><counter type="COMPLEXITY" missed="34" covered="0"/><counter type="METHOD" missed="10" covered="0"/><counter type="CLASS" missed="1" covered="0"/></class><class name="it/bancaditalia/oss/vtl/impl/transform/ops/CheckTransformation" sourcefilename="CheckTransformation.java"><method name="&lt;init&gt;" desc="(Lit/bancaditalia/oss/vtl/model/transform/Transformation;Lit/bancaditalia/oss/vtl/model/transform/Transformation;Lit/bancaditalia/oss/vtl/model/transform/Transformation;Lit/bancaditalia/oss/vtl/model/transform/Transformation;Lit/bancaditalia/oss/vtl/impl/transform/ops/CheckTransformation$CheckOutput;)V" line="80"><counter type="INSTRUCTION" missed="40" covered="0"/><counter type="BRANCH" missed="6" covered="0"/><counter type="LINE" missed="13" covered="0"/><counter type="COMPLEXITY" missed="4" covered="0"/><counter type="METHOD" missed="1" covered="0"/></method><method name="eval" desc="(Lit/bancaditalia/oss/vtl/model/transform/TransformationScheme;)Lit/bancaditalia/oss/vtl/model/data/VTLValue;" line="99"><counter type="INSTRUCTION" missed="32" covered="0"/><counter type="BRANCH" missed="2" covered="0"/><counter type="LINE" missed="6" covered="0"/><counter type="COMPLEXITY" missed="2" covered="0"/><counter type="METHOD" missed="1" covered="0"/></method><method name="getMetadata" desc="(Lit/bancaditalia/oss/vtl/model/transform/TransformationScheme;)Lit/bancaditalia/oss/vtl/model/data/VTLValue$VTLValueMetadata;" line="129"><counter type="INSTRUCTION" missed="131" covered="0"/><counter type="BRANCH" missed="16" covered="0"/><counter type="LINE" missed="27" covered="0"/><counter type="COMPLEXITY" missed="9" covered="0"/><counter type="METHOD" missed="1" covered="0"/></method><method name="toString" desc="()Ljava/lang/String;" line="175"><counter type="INSTRUCTION" missed="62" covered="0"/><counter type="BRANCH" missed="6" covered="0"/><counter type="LINE" missed="3" covered="0"/><counter type="COMPLEXITY" missed="4" covered="0"/><counter type="METHOD" missed="1" covered="0"/></method><method name="isTerminal" desc="()Z" line="184"><counter type="INSTRUCTION" missed="2" covered="0"/><counter type="LINE" missed="1" covered="0"/><counter type="COMPLEXITY" missed="1" covered="0"/><counter type="METHOD" missed="1" covered="0"/></method><method name="getTerminals" desc="()Ljava/util/Set;" line="191"><counter type="INSTRUCTION" missed="4" covered="0"/><counter type="LINE" missed="1" covered="0"/><counter type="COMPLEXITY" missed="1" covered="0"/><counter type="METHOD" missed="1" covered="0"/></method><method name="lambda$eval$2" desc="(Lit/bancaditalia/oss/vtl/model/data/DataPoint;Lit/bancaditalia/oss/vtl/model/data/DataPoint;)Lit/bancaditalia/oss/vtl/model/data/DataPoint;" line="116"><counter type="INSTRUCTION" missed="38" covered="0"/><counter type="LINE" missed="7" covered="0"/><counter type="COMPLEXITY" missed="1" covered="0"/><counter type="METHOD" missed="1" covered="0"/></method><method name="lambda$eval$1" desc="(Lit/bancaditalia/oss/vtl/model/data/DataPoint;Lit/bancaditalia/oss/vtl/model/data/DataPoint;)Z" line="115"><counter type="INSTRUCTION" missed="2" covered="0"/><counter type="LINE" missed="1" covered="0"/><counter type="COMPLEXITY" missed="1" covered="0"/><counter type="METHOD" missed="1" covered="0"/></method><method name="lambda$eval$0" desc="(Lit/bancaditalia/oss/vtl/model/data/DataPoint;)Ljava/util/Map;" line="104"><counter type="INSTRUCTION" missed="30" covered="0"/><counter type="LINE" missed="5" covered="0"/><counter type="COMPLEXITY" missed="1" covered="0"/><counter type="METHOD" missed="1" covered="0"/></method><method name="&lt;clinit&gt;" desc="()V" line="61"><counter type="INSTRUCTION" missed="31" covered="0"/><counter type="LINE" missed="5" covered="0"/><counter type="COMPLEXITY" missed="1" covered="0"/><counter type="METHOD" missed="1" covered="0"/></method><counter type="INSTRUCTION" missed="372" covered="0"/><counter type="BRANCH" missed="30" covered="0"/><counter type="LINE" missed="67" covered="0"/><counter type="COMPLEXITY" missed="25" covered="0"/><counter type="METHOD" missed="10" covered="0"/><counter type="CLASS" missed="1" covered="0"/></class><class name="it/bancaditalia/oss/vtl/impl/transform/ops/StringUnaryTransformation" sourcefilename="StringUnaryTransformation.java"><method name="&lt;init&gt;" desc="(Lit/bancaditalia/oss/vtl/impl/transform/ops/StringUnaryTransformation$StringOperator;Lit/bancaditalia/oss/vtl/model/transform/Transformation;)V" line="97"><counter type="INSTRUCTION" missed="7" covered="0"/><counter type="LINE" missed="3" covered="0"/><counter type="COMPLEXITY" missed="1" covered="0"/><counter type="METHOD" missed="1" covered="0"/></method><method name="evalOnScalar" desc="(Lit/bancaditalia/oss/vtl/model/data/ScalarValue;)Lit/bancaditalia/oss/vtl/model/data/VTLValue;" line="105"><counter type="INSTRUCTION" missed="10" covered="0"/><counter type="LINE" missed="1" covered="0"/><counter type="COMPLEXITY" missed="1" covered="0"/><counter type="METHOD" missed="1" covered="0"/></method><method name="evalOnDataset" desc="(Lit/bancaditalia/oss/vtl/model/data/DataSet;)Lit/bancaditalia/oss/vtl/model/data/VTLValue;" line="111"><counter type="INSTRUCTION" missed="12" covered="0"/><counter type="LINE" missed="2" covered="0"/><counter type="COMPLEXITY" missed="1" covered="0"/><counter type="METHOD" missed="1" covered="0"/></method><method name="getMetadata" desc="(Lit/bancaditalia/oss/vtl/model/transform/TransformationScheme;)Lit/bancaditalia/oss/vtl/model/data/VTLValue$VTLValueMetadata;" line="123"><counter type="INSTRUCTION" missed="101" covered="0"/><counter type="BRANCH" missed="8" covered="0"/><counter type="LINE" missed="19" covered="0"/><counter type="COMPLEXITY" missed="5" covered="0"/><counter type="METHOD" missed="1" covered="0"/></method><method name="toString" desc="()Ljava/lang/String;" line="159"><counter type="INSTRUCTION" missed="15" covered="0"/><counter type="LINE" missed="1" covered="0"/><counter type="COMPLEXITY" missed="1" covered="0"/><counter type="METHOD" missed="1" covered="0"/></method><method name="lambda$getMetadata$3" desc="(Lit/bancaditalia/oss/vtl/model/data/DataStructureComponent;)Lit/bancaditalia/oss/vtl/model/data/DataStructureComponent;" line="143"><counter type="INSTRUCTION" missed="21" covered="0"/><counter type="BRANCH" missed="2" covered="0"/><counter type="LINE" missed="3" covered="0"/><counter type="COMPLEXITY" missed="2" covered="0"/><counter type="METHOD" missed="1" covered="0"/></method><method name="lambda$getMetadata$2" desc="()Lit/bancaditalia/oss/vtl/model/data/ValueDomainSubset;" line="127"><counter type="INSTRUCTION" missed="2" covered="0"/><counter type="LINE" missed="1" covered="0"/><counter type="COMPLEXITY" missed="1" covered="0"/><counter type="METHOD" missed="1" covered="0"/></method><method name="lambda$evalOnDataset$1" desc="(Ljava/util/Set;Lit/bancaditalia/oss/vtl/model/data/DataPoint;)Ljava/util/Map;" line="114"><counter type="INSTRUCTION" missed="14" covered="0"/><counter type="LINE" missed="3" covered="0"/><counter type="COMPLEXITY" missed="1" covered="0"/><counter type="METHOD" missed="1" covered="0"/></method><method name="lambda$evalOnDataset$0" desc="(Lit/bancaditalia/oss/vtl/model/data/DataStructureComponent;Lit/bancaditalia/oss/vtl/model/data/ScalarValue;)Lit/bancaditalia/oss/vtl/model/data/ScalarValue;" line="115"><counter type="INSTRUCTION" missed="10" covered="0"/><counter type="LINE" missed="1" covered="0"/><counter type="COMPLEXITY" missed="1" covered="0"/><counter type="METHOD" missed="1" covered="0"/></method><counter type="INSTRUCTION" missed="192" covered="0"/><counter type="BRANCH" missed="10" covered="0"/><counter type="LINE" missed="31" covered="0"/><counter type="COMPLEXITY" missed="14" covered="0"/><counter type="METHOD" missed="9" covered="0"/><counter type="CLASS" missed="1" covered="0"/></class><class name="it/bancaditalia/oss/vtl/impl/transform/ops/AggregateTransformation" sourcefilename="AggregateTransformation.java"><method name="&lt;init&gt;" desc="(Lit/bancaditalia/oss/vtl/impl/types/operators/AggregateOperator;Lit/bancaditalia/oss/vtl/model/transform/Transformation;Ljava/util/List;Lit/bancaditalia/oss/vtl/model/transform/Transformation;)V" line="66"><counter type="INSTRUCTION" missed="35" covered="0"/><counter type="BRANCH" missed="6" covered="0"/><counter type="LINE" missed="7" covered="0"/><counter type="COMPLEXITY" missed="4" covered="0"/><counter type="METHOD" missed="1" covered="0"/></method><method name="evalOnScalar" desc="(Lit/bancaditalia/oss/vtl/model/data/ScalarValue;)Lit/bancaditalia/oss/vtl/model/data/VTLValue;" line="79"><counter type="INSTRUCTION" missed="8" covered="0"/><counter type="LINE" missed="1" covered="0"/><counter type="COMPLEXITY" missed="1" covered="0"/><counter type="METHOD" missed="1" covered="0"/></method><method name="evalOnDataset" desc="(Lit/bancaditalia/oss/vtl/model/data/DataSet;)Lit/bancaditalia/oss/vtl/model/data/VTLValue;" line="85"><counter type="INSTRUCTION" missed="60" covered="0"/><counter type="BRANCH" missed="2" covered="0"/><counter type="LINE" missed="11" covered="0"/><counter type="COMPLEXITY" missed="2" covered="0"/><counter type="METHOD" missed="1" covered="0"/></method><method name="getMetadata" desc="(Lit/bancaditalia/oss/vtl/model/transform/TransformationScheme;)Lit/bancaditalia/oss/vtl/model/data/VTLValue$VTLValueMetadata;" line="110"><counter type="INSTRUCTION" missed="115" covered="0"/><counter type="BRANCH" missed="12" covered="0"/><counter type="LINE" missed="23" covered="0"/><counter type="COMPLEXITY" missed="7" covered="0"/><counter type="METHOD" missed="1" covered="0"/></method><method name="toString" desc="()Ljava/lang/String;" line="153"><counter type="INSTRUCTION" missed="30" covered="0"/><counter type="BRANCH" missed="2" covered="0"/><counter type="LINE" missed="1" covered="0"/><counter type="COMPLEXITY" missed="2" covered="0"/><counter type="METHOD" missed="1" covered="0"/></method><method name="lambda$getMetadata$9" desc="(Lit/bancaditalia/oss/vtl/model/data/DataStructureComponent;)Lit/bancaditalia/oss/vtl/model/data/DataStructureComponent;" line="142"><counter type="INSTRUCTION" missed="4" covered="0"/><counter type="LINE" missed="1" covered="0"/><counter type="COMPLEXITY" missed="1" covered="0"/><counter type="METHOD" missed="1" covered="0"/></method><method name="lambda$getMetadata$8" desc="(Lit/bancaditalia/oss/vtl/model/data/DataStructureComponent;)Z" line="138"><counter type="INSTRUCTION" missed="4" covered="0"/><counter type="LINE" missed="1" covered="0"/><counter type="COMPLEXITY" missed="1" covered="0"/><counter type="METHOD" missed="1" covered="0"/></method><method name="lambda$getMetadata$7" desc="(Ljava/util/Optional;)Lit/bancaditalia/oss/vtl/model/data/DataStructureComponent;" line="135"><counter type="INSTRUCTION" missed="6" covered="0"/><counter type="LINE" missed="1" covered="0"/><counter type="COMPLEXITY" missed="1" covered="0"/><counter type="METHOD" missed="1" covered="0"/></method><method name="lambda$getMetadata$6" desc="()Lit/bancaditalia/oss/vtl/exceptions/VTLMissingComponentsException;" line="135"><counter type="INSTRUCTION" missed="13" covered="0"/><counter type="LINE" missed="1" covered="0"/><counter type="COMPLEXITY" missed="1" covered="0"/><counter type="METHOD" missed="1" covered="0"/></method><method name="lambda$getMetadata$5" desc="()Lit/bancaditalia/oss/vtl/model/data/ValueDomainSubset;" line="111"><counter type="INSTRUCTION" missed="2" covered="0"/><counter type="LINE" missed="1" covered="0"/><counter type="COMPLEXITY" missed="1" covered="0"/><counter type="METHOD" missed="1" covered="0"/></method><method name="lambda$evalOnDataset$4" desc="(Ljava/util/Set;Lit/bancaditalia/oss/vtl/model/data/DataStructureComponent;Ljava/util/stream/Collector;Lit/bancaditalia/oss/vtl/model/data/DataSet;)Ljava/util/stream/Stream;" line="101"><counter type="INSTRUCTION" missed="8" covered="0"/><counter type="LINE" missed="1" covered="0"/><counter type="COMPLEXITY" missed="1" covered="0"/><counter type="METHOD" missed="1" covered="0"/></method><method name="lambda$evalOnDataset$3" desc="(Lit/bancaditalia/oss/vtl/model/data/DataStructureComponent;Ljava/util/stream/Collector;Ljava/util/Map;Ljava/util/stream/Stream;)Lit/bancaditalia/oss/vtl/model/data/DataPoint;" line="101"><counter type="INSTRUCTION" missed="18" covered="0"/><counter type="LINE" missed="3" covered="0"/><counter type="COMPLEXITY" missed="1" covered="0"/><counter type="METHOD" missed="1" covered="0"/></method><method name="lambda$evalOnDataset$2" desc="(Lit/bancaditalia/oss/vtl/model/data/DataStructureComponent;Lit/bancaditalia/oss/vtl/model/data/DataPoint;)Lit/bancaditalia/oss/vtl/model/data/ScalarValue;" line="102"><counter type="INSTRUCTION" missed="5" covered="0"/><counter type="LINE" missed="1" covered="0"/><counter type="COMPLEXITY" missed="1" covered="0"/><counter type="METHOD" missed="1" covered="0"/></method><method name="lambda$evalOnDataset$1" desc="(Lit/bancaditalia/oss/vtl/model/data/DataStructureComponent;)Lit/bancaditalia/oss/vtl/model/data/DataStructureComponent;" line="98"><counter type="INSTRUCTION" missed="4" covered="0"/><counter type="LINE" missed="1" covered="0"/><counter type="COMPLEXITY" missed="1" covered="0"/><counter type="METHOD" missed="1" covered="0"/></method><method name="lambda$evalOnDataset$0" desc="(Lit/bancaditalia/oss/vtl/model/data/DataStructureComponent;Lit/bancaditalia/oss/vtl/model/data/DataPoint;)Lit/bancaditalia/oss/vtl/model/data/ScalarValue;" line="90"><counter type="INSTRUCTION" missed="5" covered="0"/><counter type="LINE" missed="1" covered="0"/><counter type="COMPLEXITY" missed="1" covered="0"/><counter type="METHOD" missed="1" covered="0"/></method><counter type="INSTRUCTION" missed="317" covered="0"/><counter type="BRANCH" missed="22" covered="0"/><counter type="LINE" missed="45" covered="0"/><counter type="COMPLEXITY" missed="26" covered="0"/><counter type="METHOD" missed="15" covered="0"/><counter type="CLASS" missed="1" covered="0"/></class><class name="it/bancaditalia/oss/vtl/impl/transform/ops/BracketTransformation" sourcefilename="BracketTransformation.java"><method name="&lt;init&gt;" desc="(Lit/bancaditalia/oss/vtl/model/transform/Transformation;Lit/bancaditalia/oss/vtl/impl/transform/clause/DatasetClauseTransformation;Ljava/lang/String;)V" line="43"><counter type="INSTRUCTION" missed="12" covered="0"/><counter type="LINE" missed="5" covered="0"/><counter type="COMPLEXITY" missed="1" covered="0"/><counter type="METHOD" missed="1" covered="0"/></method><method name="isTerminal" desc="()Z" line="52"><counter type="INSTRUCTION" missed="2" covered="0"/><counter type="LINE" missed="1" covered="0"/><counter type="COMPLEXITY" missed="1" covered="0"/><counter type="METHOD" missed="1" covered="0"/></method><method name="getTerminals" desc="()Ljava/util/Set;" line="58"><counter type="INSTRUCTION" missed="18" covered="0"/><counter type="BRANCH" missed="2" covered="0"/><counter type="LINE" missed="4" covered="0"/><counter type="COMPLEXITY" missed="2" covered="0"/><counter type="METHOD" missed="1" covered="0"/></method><method name="eval" desc="(Lit/bancaditalia/oss/vtl/model/transform/TransformationScheme;)Lit/bancaditalia/oss/vtl/model/data/VTLValue;" line="69"><counter type="INSTRUCTION" missed="24" covered="0"/><counter type="BRANCH" missed="2" covered="0"/><counter type="LINE" missed="3" covered="0"/><counter type="COMPLEXITY" missed="2" covered="0"/><counter type="METHOD" missed="1" covered="0"/></method><method name="getMetadata" desc="(Lit/bancaditalia/oss/vtl/model/transform/TransformationScheme;)Lit/bancaditalia/oss/vtl/model/data/VTLValue$VTLValueMetadata;" line="78"><counter type="INSTRUCTION" missed="41" covered="0"/><counter type="BRANCH" missed="4" covered="0"/><counter type="LINE" missed="6" covered="0"/><counter type="COMPLEXITY" missed="3" covered="0"/><counter type="METHOD" missed="1" covered="0"/></method><method name="toString" desc="()Ljava/lang/String;" line="92"><counter type="INSTRUCTION" missed="32" covered="0"/><counter type="BRANCH" missed="4" covered="0"/><counter type="LINE" missed="1" covered="0"/><counter type="COMPLEXITY" missed="3" covered="0"/><counter type="METHOD" missed="1" covered="0"/></method><counter type="INSTRUCTION" missed="129" covered="0"/><counter type="BRANCH" missed="12" covered="0"/><counter type="LINE" missed="20" covered="0"/><counter type="COMPLEXITY" missed="12" covered="0"/><counter type="METHOD" missed="6" covered="0"/><counter type="CLASS" missed="1" covered="0"/></class><class name="it/bancaditalia/oss/vtl/impl/transform/ops/CastTransformation" sourcefilename="CastTransformation.java"><method name="&lt;init&gt;" desc="(Lit/bancaditalia/oss/vtl/model/transform/Transformation;Lit/bancaditalia/oss/vtl/impl/types/domain/Domains;Ljava/lang/String;)V" line="103"><counter type="INSTRUCTION" missed="21" covered="0"/><counter type="BRANCH" missed="2" covered="0"/><counter type="LINE" missed="4" covered="0"/><counter type="COMPLEXITY" missed="2" covered="0"/><counter type="METHOD" missed="1" covered="0"/></method><method name="&lt;init&gt;" desc="(Lit/bancaditalia/oss/vtl/model/transform/Transformation;Ljava/lang/String;Ljava/lang/String;)V" line="110"><counter type="INSTRUCTION" missed="8" covered="0"/><counter type="LINE" missed="2" covered="0"/><counter type="COMPLEXITY" missed="1" covered="0"/><counter type="METHOD" missed="1" covered="0"/></method><method name="evalOnScalar" desc="(Lit/bancaditalia/oss/vtl/model/data/ScalarValue;)Lit/bancaditalia/oss/vtl/model/data/VTLValue;" line="117"><counter type="INSTRUCTION" missed="4" covered="0"/><counter type="LINE" missed="1" covered="0"/><counter type="COMPLEXITY" missed="1" covered="0"/><counter type="METHOD" missed="1" covered="0"/></method><method name="evalOnDataset" desc="(Lit/bancaditalia/oss/vtl/model/data/DataSet;)Lit/bancaditalia/oss/vtl/model/data/VTLValue;" line="123"><counter type="INSTRUCTION" missed="35" covered="0"/><counter type="LINE" missed="6" covered="0"/><counter type="COMPLEXITY" missed="1" covered="0"/><counter type="METHOD" missed="1" covered="0"/></method><method name="getMetadata" desc="(Lit/bancaditalia/oss/vtl/model/transform/TransformationScheme;)Lit/bancaditalia/oss/vtl/model/data/VTLValue$VTLValueMetadata;" line="134"><counter type="INSTRUCTION" missed="88" covered="0"/><counter type="BRANCH" missed="24" covered="0"/><counter type="LINE" missed="20" covered="0"/><counter type="COMPLEXITY" missed="13" covered="0"/><counter type="METHOD" missed="1" covered="0"/></method><method name="getNumberFormatter" desc="()Ljava/text/DecimalFormat;" line="173"><counter type="INSTRUCTION" missed="29" covered="0"/><counter type="BRANCH" missed="4" covered="0"/><counter type="LINE" missed="6" covered="0"/><counter type="COMPLEXITY" missed="3" covered="0"/><counter type="METHOD" missed="1" covered="0"/></method><method name="getDateFormatter" desc="()Ljava/time/format/DateTimeFormatter;" line="187"><counter type="INSTRUCTION" missed="88" covered="0"/><counter type="BRANCH" missed="14" covered="0"/><counter type="LINE" missed="20" covered="0"/><counter type="COMPLEXITY" missed="8" covered="0"/><counter type="METHOD" missed="1" covered="0"/></method><method name="castScalar" desc="(Lit/bancaditalia/oss/vtl/model/data/ScalarValue;)Lit/bancaditalia/oss/vtl/model/data/ScalarValue;" line="224"><counter type="INSTRUCTION" missed="147" covered="0"/><counter type="BRANCH" missed="20" covered="0"/><counter type="LINE" missed="15" covered="0"/><counter type="COMPLEXITY" missed="11" covered="0"/><counter type="METHOD" missed="1" covered="0"/></method><method name="toString" desc="()Ljava/lang/String;" line="254"><counter type="INSTRUCTION" missed="22" covered="0"/><counter type="LINE" missed="1" covered="0"/><counter type="COMPLEXITY" missed="1" covered="0"/><counter type="METHOD" missed="1" covered="0"/></method><method name="lambda$getMetadata$15" desc="()Lit/bancaditalia/oss/vtl/model/data/ValueDomainSubset;" line="164"><counter type="INSTRUCTION" missed="3" covered="0"/><counter type="LINE" missed="1" covered="0"/><counter type="COMPLEXITY" missed="1" covered="0"/><counter type="METHOD" missed="1" covered="0"/></method><method name="lambda$evalOnDataset$14" desc="(Lit/bancaditalia/oss/vtl/model/data/DataStructureComponent;Lit/bancaditalia/oss/vtl/model/data/DataStructureComponent;Lit/bancaditalia/oss/vtl/model/data/DataPoint;)Ljava/util/Map;" line="128"><counter type="INSTRUCTION" missed="9" covered="0"/><counter type="LINE" missed="1" covered="0"/><counter type="COMPLEXITY" missed="1" covered="0"/><counter type="METHOD" missed="1" covered="0"/></method><method name="lambda$static$13" desc="(Ljava/time/format/DateTimeFormatterBuilder;)Ljava/time/format/DateTimeFormatterBuilder;" line="93"><counter type="INSTRUCTION" missed="4" covered="0"/><counter type="LINE" missed="1" covered="0"/><counter type="COMPLEXITY" missed="1" covered="0"/><counter type="METHOD" missed="1" covered="0"/></method><method name="lambda$static$12" desc="(Ljava/time/format/DateTimeFormatterBuilder;)Ljava/time/format/DateTimeFormatterBuilder;" line="92"><counter type="INSTRUCTION" missed="4" covered="0"/><counter type="LINE" missed="1" covered="0"/><counter type="COMPLEXITY" missed="1" covered="0"/><counter type="METHOD" missed="1" covered="0"/></method><method name="lambda$static$11" desc="(Ljava/time/format/DateTimeFormatterBuilder;)Ljava/time/format/DateTimeFormatterBuilder;" line="91"><counter type="INSTRUCTION" missed="4" covered="0"/><counter type="LINE" missed="1" covered="0"/><counter type="COMPLEXITY" missed="1" covered="0"/><counter type="METHOD" missed="1" covered="0"/></method><method name="lambda$static$10" desc="(Ljava/time/format/DateTimeFormatterBuilder;)Ljava/time/format/DateTimeFormatterBuilder;" line="90"><counter type="INSTRUCTION" missed="7" covered="0"/><counter type="LINE" missed="1" covered="0"/><counter type="COMPLEXITY" missed="1" covered="0"/><counter type="METHOD" missed="1" covered="0"/></method><method name="lambda$static$9" desc="(Ljava/time/format/DateTimeFormatterBuilder;)Ljava/time/format/DateTimeFormatterBuilder;" line="89"><counter type="INSTRUCTION" missed="5" covered="0"/><counter type="LINE" missed="1" covered="0"/><counter type="COMPLEXITY" missed="1" covered="0"/><counter type="METHOD" missed="1" covered="0"/></method><method name="lambda$static$8" desc="(Ljava/time/format/DateTimeFormatterBuilder;)Ljava/time/format/DateTimeFormatterBuilder;" line="88"><counter type="INSTRUCTION" missed="7" covered="0"/><counter type="LINE" missed="1" covered="0"/><counter type="COMPLEXITY" missed="1" covered="0"/><counter type="METHOD" missed="1" covered="0"/></method><method name="lambda$static$7" desc="(Ljava/time/format/DateTimeFormatterBuilder;)Ljava/time/format/DateTimeFormatterBuilder;" line="87"><counter type="INSTRUCTION" missed="5" covered="0"/><counter type="LINE" missed="1" covered="0"/><counter type="COMPLEXITY" missed="1" covered="0"/><counter type="METHOD" missed="1" covered="0"/></method><method name="lambda$static$6" desc="(Ljava/time/format/DateTimeFormatterBuilder;)Ljava/time/format/DateTimeFormatterBuilder;" line="86"><counter type="INSTRUCTION" missed="5" covered="0"/><counter type="LINE" missed="1" covered="0"/><counter type="COMPLEXITY" missed="1" covered="0"/><counter type="METHOD" missed="1" covered="0"/></method><method name="lambda$static$5" desc="(Ljava/time/format/DateTimeFormatterBuilder;)Ljava/time/format/DateTimeFormatterBuilder;" line="85"><counter type="INSTRUCTION" missed="5" covered="0"/><counter type="LINE" missed="1" covered="0"/><counter type="COMPLEXITY" missed="1" covered="0"/><counter type="METHOD" missed="1" covered="0"/></method><method name="lambda$static$4" desc="(Ljava/time/format/DateTimeFormatterBuilder;)Ljava/time/format/DateTimeFormatterBuilder;" line="84"><counter type="INSTRUCTION" missed="5" covered="0"/><counter type="LINE" missed="1" covered="0"/><counter type="COMPLEXITY" missed="1" covered="0"/><counter type="METHOD" missed="1" covered="0"/></method><method name="lambda$static$3" desc="(Ljava/time/format/DateTimeFormatterBuilder;)Ljava/time/format/DateTimeFormatterBuilder;" line="83"><counter type="INSTRUCTION" missed="5" covered="0"/><counter type="LINE" missed="1" covered="0"/><counter type="COMPLEXITY" missed="1" covered="0"/><counter type="METHOD" missed="1" covered="0"/></method><method name="lambda$static$2" desc="(Ljava/time/format/DateTimeFormatterBuilder;)Ljava/time/format/DateTimeFormatterBuilder;" line="82"><counter type="INSTRUCTION" missed="5" covered="0"/><counter type="LINE" missed="1" covered="0"/><counter type="COMPLEXITY" missed="1" covered="0"/><counter type="METHOD" missed="1" covered="0"/></method><method name="lambda$static$1" desc="(Ljava/time/format/DateTimeFormatterBuilder;)Ljava/time/format/DateTimeFormatterBuilder;" line="81"><counter type="INSTRUCTION" missed="5" covered="0"/><counter type="LINE" missed="1" covered="0"/><counter type="COMPLEXITY" missed="1" covered="0"/><counter type="METHOD" missed="1" covered="0"/></method><method name="lambda$static$0" desc="(Ljava/time/format/DateTimeFormatterBuilder;)Ljava/time/format/DateTimeFormatterBuilder;" line="80"><counter type="INSTRUCTION" missed="5" covered="0"/><counter type="LINE" missed="1" covered="0"/><counter type="COMPLEXITY" missed="1" covered="0"/><counter type="METHOD" missed="1" covered="0"/></method><method name="&lt;clinit&gt;" desc="()V" line="77"><counter type="INSTRUCTION" missed="89" covered="0"/><counter type="LINE" missed="16" covered="0"/><counter type="COMPLEXITY" missed="1" covered="0"/><counter type="METHOD" missed="1" covered="0"/></method><counter type="INSTRUCTION" missed="614" covered="0"/><counter type="BRANCH" missed="64" covered="0"/><counter type="LINE" missed="91" covered="0"/><counter type="COMPLEXITY" missed="58" covered="0"/><counter type="METHOD" missed="26" covered="0"/><counter type="CLASS" missed="1" covered="0"/></class><class name="it/bancaditalia/oss/vtl/impl/transform/ops/ExistsInTransformation$ExistsInMode" sourcefilename="ExistsInTransformation.java"><method name="&lt;clinit&gt;" desc="()V" line="58"><counter type="INSTRUCTION" missed="34" covered="0"/><counter type="LINE" missed="2" covered="0"/><counter type="COMPLEXITY" missed="1" covered="0"/><counter type="METHOD" missed="1" covered="0"/></method><counter type="INSTRUCTION" missed="34" covered="0"/><counter type="LINE" missed="2" covered="0"/><counter type="COMPLEXITY" missed="1" covered="0"/><counter type="METHOD" missed="1" covered="0"/><counter type="CLASS" missed="1" covered="0"/></class><class name="it/bancaditalia/oss/vtl/impl/transform/ops/StrlenTransformation" sourcefilename="StrlenTransformation.java"><method name="&lt;init&gt;" desc="(Lit/bancaditalia/oss/vtl/model/transform/Transformation;)V" line="42"><counter type="INSTRUCTION" missed="4" covered="0"/><counter type="LINE" missed="2" covered="0"/><counter type="COMPLEXITY" missed="1" covered="0"/><counter type="METHOD" missed="1" covered="0"/></method><method name="evalOnScalar" desc="(Lit/bancaditalia/oss/vtl/model/data/ScalarValue;)Lit/bancaditalia/oss/vtl/model/data/VTLValue;" line="48"><counter type="INSTRUCTION" missed="11" covered="0"/><counter type="LINE" missed="1" covered="0"/><counter type="COMPLEXITY" missed="1" covered="0"/><counter type="METHOD" missed="1" covered="0"/></method><method name="evalOnDataset" desc="(Lit/bancaditalia/oss/vtl/model/data/DataSet;)Lit/bancaditalia/oss/vtl/model/data/VTLValue;" line="54"><counter type="INSTRUCTION" missed="5" covered="0"/><counter type="LINE" missed="1" covered="0"/><counter type="COMPLEXITY" missed="1" covered="0"/><counter type="METHOD" missed="1" covered="0"/></method><method name="getMetadata" desc="(Lit/bancaditalia/oss/vtl/model/transform/TransformationScheme;)Lit/bancaditalia/oss/vtl/model/data/VTLValue$VTLValueMetadata;" line="60"><counter type="INSTRUCTION" missed="20" covered="0"/><counter type="BRANCH" missed="4" covered="0"/><counter type="LINE" missed="4" covered="0"/><counter type="COMPLEXITY" missed="3" covered="0"/><counter type="METHOD" missed="1" covered="0"/></method><method name="toString" desc="()Ljava/lang/String;" line="70"><counter type="INSTRUCTION" missed="12" covered="0"/><counter type="LINE" missed="1" covered="0"/><counter type="COMPLEXITY" missed="1" covered="0"/><counter type="METHOD" missed="1" covered="0"/></method><method name="lambda$static$0" desc="()Lit/bancaditalia/oss/vtl/model/domain/IntegerDomainSubset;" line="38"><counter type="INSTRUCTION" missed="2" covered="0"/><counter type="LINE" missed="1" covered="0"/><counter type="COMPLEXITY" missed="1" covered="0"/><counter type="METHOD" missed="1" covered="0"/></method><method name="&lt;clinit&gt;" desc="()V" line="38"><counter type="INSTRUCTION" missed="3" covered="0"/><counter type="LINE" missed="1" covered="0"/><counter type="COMPLEXITY" missed="1" covered="0"/><counter type="METHOD" missed="1" covered="0"/></method><counter type="INSTRUCTION" missed="57" covered="0"/><counter type="BRANCH" missed="4" covered="0"/><counter type="LINE" missed="10" covered="0"/><counter type="COMPLEXITY" missed="9" covered="0"/><counter type="METHOD" missed="7" covered="0"/><counter type="CLASS" missed="1" covered="0"/></class><class name="it/bancaditalia/oss/vtl/impl/transform/ops/CheckHierarchyTransformation" sourcefilename="CheckHierarchyTransformation.java"><method name="&lt;init&gt;" desc="(Lit/bancaditalia/oss/vtl/model/transform/Transformation;Lit/bancaditalia/oss/vtl/impl/transform/ops/VarIDOperand;Lit/bancaditalia/oss/vtl/model/data/Hierarchy$CheckMode;Lit/bancaditalia/oss/vtl/impl/transform/ops/CheckHierarchyTransformation$Input;Lit/bancaditalia/oss/vtl/impl/transform/ops/CheckHierarchyTransformation$Output;)V" line="72"><counter type="INSTRUCTION" missed="39" covered="0"/><counter type="BRANCH" missed="6" covered="0"/><counter type="LINE" missed="9" covered="0"/><counter type="COMPLEXITY" missed="4" covered="0"/><counter type="METHOD" missed="1" covered="0"/></method><method name="isTerminal" desc="()Z" line="91"><counter type="INSTRUCTION" missed="2" covered="0"/><counter type="LINE" missed="1" covered="0"/><counter type="COMPLEXITY" missed="1" covered="0"/><counter type="METHOD" missed="1" covered="0"/></method><method name="getTerminals" desc="()Ljava/util/Set;" line="97"><counter type="INSTRUCTION" missed="4" covered="0"/><counter type="LINE" missed="1" covered="0"/><counter type="COMPLEXITY" missed="1" covered="0"/><counter type="METHOD" missed="1" covered="0"/></method><method name="getMetadata" desc="(Lit/bancaditalia/oss/vtl/model/transform/TransformationScheme;)Lit/bancaditalia/oss/vtl/model/data/VTLValue$VTLValueMetadata;" line="103"><counter type="INSTRUCTION" missed="191" covered="0"/><counter type="BRANCH" missed="16" covered="0"/><counter type="LINE" missed="32" covered="0"/><counter type="COMPLEXITY" missed="9" covered="0"/><counter type="METHOD" missed="1" covered="0"/></method><method name="eval" desc="(Lit/bancaditalia/oss/vtl/model/transform/TransformationScheme;)Lit/bancaditalia/oss/vtl/model/data/VTLValue;" line="179"><counter type="INSTRUCTION" missed="5" covered="0"/><counter type="LINE" missed="1" covered="0"/><counter type="COMPLEXITY" missed="1" covered="0"/><counter type="METHOD" missed="1" covered="0"/></method><method name="toString" desc="()Ljava/lang/String;" line="185"><counter type="INSTRUCTION" missed="32" covered="0"/><counter type="LINE" missed="1" covered="0"/><counter type="COMPLEXITY" missed="1" covered="0"/><counter type="METHOD" missed="1" covered="0"/></method><method name="&lt;clinit&gt;" desc="()V" line="55"><counter type="INSTRUCTION" missed="4" covered="0"/><counter type="LINE" missed="1" covered="0"/><counter type="COMPLEXITY" missed="1" covered="0"/><counter type="METHOD" missed="1" covered="0"/></method><counter type="INSTRUCTION" missed="277" covered="0"/><counter type="BRANCH" missed="22" covered="0"/><counter type="LINE" missed="46" covered="0"/><counter type="COMPLEXITY" missed="18" covered="0"/><counter type="METHOD" missed="7" covered="0"/><counter type="CLASS" missed="1" covered="0"/></class><class name="it/bancaditalia/oss/vtl/impl/transform/ops/InclusionTransformation" sourcefilename="InclusionTransformation.java"><method name="&lt;init&gt;" desc="(Lit/bancaditalia/oss/vtl/impl/transform/ops/InclusionTransformation$InOperator;Lit/bancaditalia/oss/vtl/model/transform/Transformation;Ljava/util/List;)V" line="83"><counter type="INSTRUCTION" missed="16" covered="0"/><counter type="LINE" missed="5" covered="0"/><counter type="COMPLEXITY" missed="1" covered="0"/><counter type="METHOD" missed="1" covered="0"/></method><method name="evalOnScalar" desc="(Lit/bancaditalia/oss/vtl/model/data/ScalarValue;)Lit/bancaditalia/oss/vtl/model/data/VTLValue;" line="95"><counter type="INSTRUCTION" missed="8" covered="0"/><counter type="LINE" missed="1" covered="0"/><counter type="COMPLEXITY" missed="1" covered="0"/><counter type="METHOD" missed="1" covered="0"/></method><method name="evalOnDataset" desc="(Lit/bancaditalia/oss/vtl/model/data/DataSet;)Lit/bancaditalia/oss/vtl/model/data/VTLValue;" line="101"><counter type="INSTRUCTION" missed="25" covered="0"/><counter type="LINE" missed="3" covered="0"/><counter type="COMPLEXITY" missed="1" covered="0"/><counter type="METHOD" missed="1" covered="0"/></method><method name="getMetadata" desc="(Lit/bancaditalia/oss/vtl/model/transform/TransformationScheme;)Lit/bancaditalia/oss/vtl/model/data/VTLValue$VTLValueMetadata;" line="110"><counter type="INSTRUCTION" missed="52" covered="0"/><counter type="BRANCH" missed="4" covered="0"/><counter type="LINE" missed="11" covered="0"/><counter type="COMPLEXITY" missed="3" covered="0"/><counter type="METHOD" missed="1" covered="0"/></method><method name="toString" desc="()Ljava/lang/String;" line="135"><counter type="INSTRUCTION" missed="25" covered="0"/><counter type="LINE" missed="1" covered="0"/><counter type="COMPLEXITY" missed="1" covered="0"/><counter type="METHOD" missed="1" covered="0"/></method><method name="lambda$getMetadata$1" desc="()Lit/bancaditalia/oss/vtl/model/domain/BooleanDomainSubset;" line="128"><counter type="INSTRUCTION" missed="2" covered="0"/><counter type="LINE" missed="1" covered="0"/><counter type="COMPLEXITY" missed="1" covered="0"/><counter type="METHOD" missed="1" covered="0"/></method><method name="lambda$evalOnDataset$0" desc="(Lit/bancaditalia/oss/vtl/model/data/DataStructureComponent;Lit/bancaditalia/oss/vtl/model/data/DataStructureComponent;Lit/bancaditalia/oss/vtl/model/data/DataPoint;)Ljava/util/Map;" line="104"><counter type="INSTRUCTION" missed="13" covered="0"/><counter type="LINE" missed="1" covered="0"/><counter type="COMPLEXITY" missed="1" covered="0"/><counter type="METHOD" missed="1" covered="0"/></method><counter type="INSTRUCTION" missed="141" covered="0"/><counter type="BRANCH" missed="4" covered="0"/><counter type="LINE" missed="21" covered="0"/><counter type="COMPLEXITY" missed="9" covered="0"/><counter type="METHOD" missed="7" covered="0"/><counter type="CLASS" missed="1" covered="0"/></class><class name="it/bancaditalia/oss/vtl/impl/transform/ops/SetTransformation" sourcefilename="SetTransformation.java"><method name="&lt;init&gt;" desc="(Lit/bancaditalia/oss/vtl/impl/transform/ops/SetTransformation$SetOperator;Ljava/util/List;)V" line="93"><counter type="INSTRUCTION" missed="9" covered="0"/><counter type="LINE" missed="4" covered="0"/><counter type="COMPLEXITY" missed="1" covered="0"/><counter type="METHOD" missed="1" covered="0"/></method><method name="eval" desc="(Lit/bancaditalia/oss/vtl/model/transform/TransformationScheme;)Lit/bancaditalia/oss/vtl/model/data/DataSet;" line="101"><counter type="INSTRUCTION" missed="26" covered="0"/><counter type="LINE" missed="5" covered="0"/><counter type="COMPLEXITY" missed="1" covered="0"/><counter type="METHOD" missed="1" covered="0"/></method><method name="getMetadata" desc="(Lit/bancaditalia/oss/vtl/model/transform/TransformationScheme;)Lit/bancaditalia/oss/vtl/model/data/DataSet$VTLDataSetMetadata;" line="111"><counter type="INSTRUCTION" missed="50" covered="0"/><counter type="BRANCH" missed="4" covered="0"/><counter type="LINE" missed="9" covered="0"/><counter type="COMPLEXITY" missed="3" covered="0"/><counter type="METHOD" missed="1" covered="0"/></method><method name="isTerminal" desc="()Z" line="128"><counter type="INSTRUCTION" missed="2" covered="0"/><counter type="LINE" missed="1" covered="0"/><counter type="COMPLEXITY" missed="1" covered="0"/><counter type="METHOD" missed="1" covered="0"/></method><method name="getTerminals" desc="()Ljava/util/Set;" line="134"><counter type="INSTRUCTION" missed="9" covered="0"/><counter type="LINE" missed="1" covered="0"/><counter type="COMPLEXITY" missed="1" covered="0"/><counter type="METHOD" missed="1" covered="0"/></method><method name="toString" desc="()Ljava/lang/String;" line="140"><counter type="INSTRUCTION" missed="20" covered="0"/><counter type="LINE" missed="1" covered="0"/><counter type="COMPLEXITY" missed="1" covered="0"/><counter type="METHOD" missed="1" covered="0"/></method><method name="lambda$getTerminals$3" desc="(Lit/bancaditalia/oss/vtl/model/transform/Transformation;)Ljava/util/stream/Stream;" line="134"><counter type="INSTRUCTION" missed="4" covered="0"/><counter type="LINE" missed="1" covered="0"/><counter type="COMPLEXITY" missed="1" covered="0"/><counter type="METHOD" missed="1" covered="0"/></method><method name="lambda$getMetadata$2" desc="(Lit/bancaditalia/oss/vtl/model/transform/TransformationScheme;Lit/bancaditalia/oss/vtl/model/transform/Transformation;)Lit/bancaditalia/oss/vtl/model/data/VTLValue$VTLValueMetadata;" line="112"><counter type="INSTRUCTION" missed="4" covered="0"/><counter type="LINE" missed="1" covered="0"/><counter type="COMPLEXITY" missed="1" covered="0"/><counter type="METHOD" missed="1" covered="0"/></method><method name="lambda$eval$1" desc="(Lit/bancaditalia/oss/vtl/model/data/DataSet;Lit/bancaditalia/oss/vtl/model/data/DataSet;)Lit/bancaditalia/oss/vtl/model/data/DataSet;" line="104"><counter type="INSTRUCTION" missed="10" covered="0"/><counter type="LINE" missed="1" covered="0"/><counter type="COMPLEXITY" missed="1" covered="0"/><counter type="METHOD" missed="1" covered="0"/></method><method name="lambda$eval$0" desc="(Lit/bancaditalia/oss/vtl/model/transform/TransformationScheme;Lit/bancaditalia/oss/vtl/model/transform/Transformation;)Lit/bancaditalia/oss/vtl/model/data/VTLValue;" line="102"><counter type="INSTRUCTION" missed="4" covered="0"/><counter type="LINE" missed="1" covered="0"/><counter type="COMPLEXITY" missed="1" covered="0"/><counter type="METHOD" missed="1" covered="0"/></method><counter type="INSTRUCTION" missed="138" covered="0"/><counter type="BRANCH" missed="4" covered="0"/><counter type="LINE" missed="21" covered="0"/><counter type="COMPLEXITY" missed="12" covered="0"/><counter type="METHOD" missed="10" covered="0"/><counter type="CLASS" missed="1" covered="0"/></class><class name="it/bancaditalia/oss/vtl/impl/transform/ops/BinaryTransformation" sourcefilename="BinaryTransformation.java"><method name="&lt;init&gt;" desc="(Lit/bancaditalia/oss/vtl/model/transform/Transformation;Lit/bancaditalia/oss/vtl/model/transform/Transformation;)V" line="41"><counter type="INSTRUCTION" missed="0" covered="9"/><counter type="LINE" missed="0" covered="4"/><counter type="COMPLEXITY" missed="0" covered="1"/><counter type="METHOD" missed="0" covered="1"/></method><method name="isTerminal" desc="()Z" line="49"><counter type="INSTRUCTION" missed="2" covered="0"/><counter type="LINE" missed="1" covered="0"/><counter type="COMPLEXITY" missed="1" covered="0"/><counter type="METHOD" missed="1" covered="0"/></method><method name="eval" desc="(Lit/bancaditalia/oss/vtl/model/transform/TransformationScheme;)Lit/bancaditalia/oss/vtl/model/data/VTLValue;" line="55"><counter type="INSTRUCTION" missed="77" covered="23"/><counter type="BRANCH" missed="18" covered="2"/><counter type="LINE" missed="9" covered="4"/><counter type="COMPLEXITY" missed="10" covered="1"/><counter type="METHOD" missed="0" covered="1"/></method><method name="getTerminals" desc="()Ljava/util/Set;" line="81"><counter type="INSTRUCTION" missed="13" covered="0"/><counter type="LINE" missed="1" covered="0"/><counter type="COMPLEXITY" missed="1" covered="0"/><counter type="METHOD" missed="1" covered="0"/></method><counter type="INSTRUCTION" missed="92" covered="32"/><counter type="BRANCH" missed="18" covered="2"/><counter type="LINE" missed="11" covered="8"/><counter type="COMPLEXITY" missed="12" covered="2"/><counter type="METHOD" missed="2" covered="2"/><counter type="CLASS" missed="0" covered="1"/></class><class name="it/bancaditalia/oss/vtl/impl/transform/ops/JoinTransformation$JoinOperator" sourcefilename="JoinTransformation.java"><method name="&lt;clinit&gt;" desc="()V" line="87"><counter type="INSTRUCTION" missed="44" covered="0"/><counter type="LINE" missed="2" covered="0"/><counter type="COMPLEXITY" missed="1" covered="0"/><counter type="METHOD" missed="1" covered="0"/></method><counter type="INSTRUCTION" missed="44" covered="0"/><counter type="LINE" missed="2" covered="0"/><counter type="COMPLEXITY" missed="1" covered="0"/><counter type="METHOD" missed="1" covered="0"/><counter type="CLASS" missed="1" covered="0"/></class><class name="it/bancaditalia/oss/vtl/impl/transform/ops/ParenthesesTransformation" sourcefilename="ParenthesesTransformation.java"><method name="&lt;init&gt;" desc="(Lit/bancaditalia/oss/vtl/model/transform/Transformation;)V" line="35"><counter type="INSTRUCTION" missed="4" covered="0"/><counter type="LINE" missed="2" covered="0"/><counter type="COMPLEXITY" missed="1" covered="0"/><counter type="METHOD" missed="1" covered="0"/></method><method name="getMetadata" desc="(Lit/bancaditalia/oss/vtl/model/transform/TransformationScheme;)Lit/bancaditalia/oss/vtl/model/data/VTLValue$VTLValueMetadata;" line="41"><counter type="INSTRUCTION" missed="5" covered="0"/><counter type="LINE" missed="1" covered="0"/><counter type="COMPLEXITY" missed="1" covered="0"/><counter type="METHOD" missed="1" covered="0"/></method><method name="toString" desc="()Ljava/lang/String;" line="47"><counter type="INSTRUCTION" missed="12" covered="0"/><counter type="LINE" missed="1" covered="0"/><counter type="COMPLEXITY" missed="1" covered="0"/><counter type="METHOD" missed="1" covered="0"/></method><method name="evalOnScalar" desc="(Lit/bancaditalia/oss/vtl/model/data/ScalarValue;)Lit/bancaditalia/oss/vtl/model/data/VTLValue;" line="53"><counter type="INSTRUCTION" missed="2" covered="0"/><counter type="LINE" missed="1" covered="0"/><counter type="COMPLEXITY" missed="1" covered="0"/><counter type="METHOD" missed="1" covered="0"/></method><method name="evalOnDataset" desc="(Lit/bancaditalia/oss/vtl/model/data/DataSet;)Lit/bancaditalia/oss/vtl/model/data/VTLValue;" line="59"><counter type="INSTRUCTION" missed="2" covered="0"/><counter type="LINE" missed="1" covered="0"/><counter type="COMPLEXITY" missed="1" covered="0"/><counter type="METHOD" missed="1" covered="0"/></method><counter type="INSTRUCTION" missed="25" covered="0"/><counter type="LINE" missed="6" covered="0"/><counter type="COMPLEXITY" missed="5" covered="0"/><counter type="METHOD" missed="5" covered="0"/><counter type="CLASS" missed="1" covered="0"/></class><class name="it/bancaditalia/oss/vtl/impl/transform/ops/CheckHierarchyTransformation$Input" sourcefilename="CheckHierarchyTransformation.java"><method name="&lt;clinit&gt;" desc="()V" line="57"><counter type="INSTRUCTION" missed="24" covered="0"/><counter type="LINE" missed="2" covered="0"/><counter type="COMPLEXITY" missed="1" covered="0"/><counter type="METHOD" missed="1" covered="0"/></method><counter type="INSTRUCTION" missed="24" covered="0"/><counter type="LINE" missed="2" covered="0"/><counter type="COMPLEXITY" missed="1" covered="0"/><counter type="METHOD" missed="1" covered="0"/><counter type="CLASS" missed="1" covered="0"/></class><class name="it/bancaditalia/oss/vtl/impl/transform/ops/NotTransformation" sourcefilename="NotTransformation.java"><method name="&lt;init&gt;" desc="(Lit/bancaditalia/oss/vtl/model/transform/Transformation;)V" line="51"><counter type="INSTRUCTION" missed="4" covered="0"/><counter type="LINE" missed="2" covered="0"/><counter type="COMPLEXITY" missed="1" covered="0"/><counter type="METHOD" missed="1" covered="0"/></method><method name="evalOnScalar" desc="(Lit/bancaditalia/oss/vtl/model/data/ScalarValue;)Lit/bancaditalia/oss/vtl/model/data/VTLValue;" line="57"><counter type="INSTRUCTION" missed="12" covered="0"/><counter type="BRANCH" missed="2" covered="0"/><counter type="LINE" missed="1" covered="0"/><counter type="COMPLEXITY" missed="2" covered="0"/><counter type="METHOD" missed="1" covered="0"/></method><method name="evalOnDataset" desc="(Lit/bancaditalia/oss/vtl/model/data/DataSet;)Lit/bancaditalia/oss/vtl/model/data/VTLValue;" line="63"><counter type="INSTRUCTION" missed="11" covered="0"/><counter type="LINE" missed="2" covered="0"/><counter type="COMPLEXITY" missed="1" covered="0"/><counter type="METHOD" missed="1" covered="0"/></method><method name="getMetadata" desc="(Lit/bancaditalia/oss/vtl/model/transform/TransformationScheme;)Lit/bancaditalia/oss/vtl/model/data/VTLValue$VTLValueMetadata;" line="75"><counter type="INSTRUCTION" missed="48" covered="0"/><counter type="BRANCH" missed="6" covered="0"/><counter type="LINE" missed="12" covered="0"/><counter type="COMPLEXITY" missed="4" covered="0"/><counter type="METHOD" missed="1" covered="0"/></method><method name="toString" desc="()Ljava/lang/String;" line="105"><counter type="INSTRUCTION" missed="10" covered="0"/><counter type="LINE" missed="1" covered="0"/><counter type="COMPLEXITY" missed="1" covered="0"/><counter type="METHOD" missed="1" covered="0"/></method><method name="lambda$getMetadata$2" desc="(Lit/bancaditalia/oss/vtl/model/data/DataStructureComponent;)V" line="94"><counter type="INSTRUCTION" missed="15" covered="0"/><counter type="BRANCH" missed="2" covered="0"/><counter type="LINE" missed="3" covered="0"/><counter type="COMPLEXITY" missed="2" covered="0"/><counter type="METHOD" missed="1" covered="0"/></method><method name="lambda$evalOnDataset$1" desc="(Ljava/util/Set;Lit/bancaditalia/oss/vtl/model/data/DataPoint;)Ljava/util/Map;" line="66"><counter type="INSTRUCTION" missed="13" covered="0"/><counter type="LINE" missed="3" covered="0"/><counter type="COMPLEXITY" missed="1" covered="0"/><counter type="METHOD" missed="1" covered="0"/></method><method name="lambda$evalOnDataset$0" desc="(Lit/bancaditalia/oss/vtl/model/data/DataStructureComponent;Lit/bancaditalia/oss/vtl/model/data/ScalarValue;)Lit/bancaditalia/oss/vtl/model/data/ScalarValue;" line="67"><counter type="INSTRUCTION" missed="12" covered="0"/><counter type="BRANCH" missed="2" covered="0"/><counter type="LINE" missed="1" covered="0"/><counter type="COMPLEXITY" missed="2" covered="0"/><counter type="METHOD" missed="1" covered="0"/></method><counter type="INSTRUCTION" missed="125" covered="0"/><counter type="BRANCH" missed="12" covered="0"/><counter type="LINE" missed="24" covered="0"/><counter type="COMPLEXITY" missed="14" covered="0"/><counter type="METHOD" missed="8" covered="0"/><counter type="CLASS" missed="1" covered="0"/></class><class name="it/bancaditalia/oss/vtl/impl/transform/ops/UnaryTransformation" sourcefilename="UnaryTransformation.java"><method name="&lt;init&gt;" desc="(Lit/bancaditalia/oss/vtl/model/transform/Transformation;)V" line="39"><counter type="INSTRUCTION" missed="6" covered="0"/><counter type="LINE" missed="3" covered="0"/><counter type="COMPLEXITY" missed="1" covered="0"/><counter type="METHOD" missed="1" covered="0"/></method><method name="isTerminal" desc="()Z" line="46"><counter type="INSTRUCTION" missed="7" covered="0"/><counter type="BRANCH" missed="2" covered="0"/><counter type="LINE" missed="1" covered="0"/><counter type="COMPLEXITY" missed="2" covered="0"/><counter type="METHOD" missed="1" covered="0"/></method><method name="getTerminals" desc="()Ljava/util/Set;" line="52"><counter type="INSTRUCTION" missed="9" covered="0"/><counter type="BRANCH" missed="2" covered="0"/><counter type="LINE" missed="1" covered="0"/><counter type="COMPLEXITY" missed="2" covered="0"/><counter type="METHOD" missed="1" covered="0"/></method><method name="eval" desc="(Lit/bancaditalia/oss/vtl/model/transform/TransformationScheme;)Lit/bancaditalia/oss/vtl/model/data/VTLValue;" line="58"><counter type="INSTRUCTION" missed="18" covered="0"/><counter type="BRANCH" missed="2" covered="0"/><counter type="LINE" missed="4" covered="0"/><counter type="COMPLEXITY" missed="2" covered="0"/><counter type="METHOD" missed="1" covered="0"/></method><counter type="INSTRUCTION" missed="40" covered="0"/><counter type="BRANCH" missed="6" covered="0"/><counter type="LINE" missed="9" covered="0"/><counter type="COMPLEXITY" missed="7" covered="0"/><counter type="METHOD" missed="4" covered="0"/><counter type="CLASS" missed="1" covered="0"/></class><class name="it/bancaditalia/oss/vtl/impl/transform/ops/NumericUnaryTransformation" sourcefilename="NumericUnaryTransformation.java"><method name="&lt;init&gt;" desc="(Lit/bancaditalia/oss/vtl/impl/transform/ops/NumericUnaryTransformation$NumericOperator;Lit/bancaditalia/oss/vtl/model/transform/Transformation;)V" line="102"><counter type="INSTRUCTION" missed="7" covered="0"/><counter type="LINE" missed="3" covered="0"/><counter type="COMPLEXITY" missed="1" covered="0"/><counter type="METHOD" missed="1" covered="0"/></method><method name="evalOnScalar" desc="(Lit/bancaditalia/oss/vtl/model/data/ScalarValue;)Lit/bancaditalia/oss/vtl/model/data/VTLValue;" line="110"><counter type="INSTRUCTION" missed="7" covered="0"/><counter type="LINE" missed="1" covered="0"/><counter type="COMPLEXITY" missed="1" covered="0"/><counter type="METHOD" missed="1" covered="0"/></method><method name="evalOnDataset" desc="(Lit/bancaditalia/oss/vtl/model/data/DataSet;)Lit/bancaditalia/oss/vtl/model/data/VTLValue;" line="116"><counter type="INSTRUCTION" missed="12" covered="0"/><counter type="LINE" missed="2" covered="0"/><counter type="COMPLEXITY" missed="1" covered="0"/><counter type="METHOD" missed="1" covered="0"/></method><method name="getMetadata" desc="(Lit/bancaditalia/oss/vtl/model/transform/TransformationScheme;)Lit/bancaditalia/oss/vtl/model/data/VTLValue$VTLValueMetadata;" line="128"><counter type="INSTRUCTION" missed="67" covered="0"/><counter type="BRANCH" missed="8" covered="0"/><counter type="LINE" missed="13" covered="0"/><counter type="COMPLEXITY" missed="5" covered="0"/><counter type="METHOD" missed="1" covered="0"/></method><method name="toString" desc="()Ljava/lang/String;" line="154"><counter type="INSTRUCTION" missed="6" covered="0"/><counter type="LINE" missed="1" covered="0"/><counter type="COMPLEXITY" missed="1" covered="0"/><counter type="METHOD" missed="1" covered="0"/></method><method name="lambda$getMetadata$2" desc="()Lit/bancaditalia/oss/vtl/model/data/ValueDomainSubset;" line="132"><counter type="INSTRUCTION" missed="2" covered="0"/><counter type="LINE" missed="1" covered="0"/><counter type="COMPLEXITY" missed="1" covered="0"/><counter type="METHOD" missed="1" covered="0"/></method><method name="lambda$evalOnDataset$1" desc="(Ljava/util/Set;Lit/bancaditalia/oss/vtl/model/data/DataPoint;)Ljava/util/Map;" line="119"><counter type="INSTRUCTION" missed="14" covered="0"/><counter type="LINE" missed="3" covered="0"/><counter type="COMPLEXITY" missed="1" covered="0"/><counter type="METHOD" missed="1" covered="0"/></method><method name="lambda$evalOnDataset$0" desc="(Lit/bancaditalia/oss/vtl/model/data/DataStructureComponent;Lit/bancaditalia/oss/vtl/model/data/ScalarValue;)Lit/bancaditalia/oss/vtl/model/data/ScalarValue;" line="120"><counter type="INSTRUCTION" missed="7" covered="0"/><counter type="LINE" missed="1" covered="0"/><counter type="COMPLEXITY" missed="1" covered="0"/><counter type="METHOD" missed="1" covered="0"/></method><counter type="INSTRUCTION" missed="122" covered="0"/><counter type="BRANCH" missed="8" covered="0"/><counter type="LINE" missed="23" covered="0"/><counter type="COMPLEXITY" missed="12" covered="0"/><counter type="METHOD" missed="8" covered="0"/><counter type="CLASS" missed="1" covered="0"/></class><class name="it/bancaditalia/oss/vtl/impl/transform/ops/CallTransformation" sourcefilename="CallTransformation.java"><method name="&lt;init&gt;" desc="(Ljava/lang/String;Ljava/util/List;)V" line="47"><counter type="INSTRUCTION" missed="9" covered="0"/><counter type="LINE" missed="4" covered="0"/><counter type="COMPLEXITY" missed="1" covered="0"/><counter type="METHOD" missed="1" covered="0"/></method><method name="isTerminal" desc="()Z" line="55"><counter type="INSTRUCTION" missed="2" covered="0"/><counter type="LINE" missed="1" covered="0"/><counter type="COMPLEXITY" missed="1" covered="0"/><counter type="METHOD" missed="1" covered="0"/></method><method name="getTerminals" desc="()Ljava/util/Set;" line="61"><counter type="INSTRUCTION" missed="11" covered="0"/><counter type="LINE" missed="1" covered="0"/><counter type="COMPLEXITY" missed="1" covered="0"/><counter type="METHOD" missed="1" covered="0"/></method><method name="eval" desc="(Lit/bancaditalia/oss/vtl/model/transform/TransformationScheme;)Lit/bancaditalia/oss/vtl/model/data/VTLValue;" line="67"><counter type="INSTRUCTION" missed="51" covered="0"/><counter type="BRANCH" missed="2" covered="0"/><counter type="LINE" missed="8" covered="0"/><counter type="COMPLEXITY" missed="2" covered="0"/><counter type="METHOD" missed="1" covered="0"/></method><method name="getMetadata" desc="(Lit/bancaditalia/oss/vtl/model/transform/TransformationScheme;)Lit/bancaditalia/oss/vtl/model/data/VTLValue$VTLValueMetadata;" line="83"><counter type="INSTRUCTION" missed="81" covered="0"/><counter type="BRANCH" missed="4" covered="0"/><counter type="LINE" missed="10" covered="0"/><counter type="COMPLEXITY" missed="3" covered="0"/><counter type="METHOD" missed="1" covered="0"/></method><method name="lambda$getMetadata$3" desc="(Ljava/lang/Integer;)Lit/bancaditalia/oss/vtl/model/transform/Transformation;" line="91"><counter type="INSTRUCTION" missed="7" covered="0"/><counter type="LINE" missed="1" covered="0"/><counter type="COMPLEXITY" missed="1" covered="0"/><counter type="METHOD" missed="1" covered="0"/></method><method name="lambda$getMetadata$2" desc="(Ljava/util/List;Ljava/lang/Integer;)Ljava/lang/String;" line="91"><counter type="INSTRUCTION" missed="6" covered="0"/><counter type="LINE" missed="1" covered="0"/><counter type="COMPLEXITY" missed="1" covered="0"/><counter type="METHOD" missed="1" covered="0"/></method><method name="lambda$eval$1" desc="(Ljava/lang/Integer;)Lit/bancaditalia/oss/vtl/model/transform/Transformation;" line="73"><counter type="INSTRUCTION" missed="7" covered="0"/><counter type="LINE" missed="1" covered="0"/><counter type="COMPLEXITY" missed="1" covered="0"/><counter type="METHOD" missed="1" covered="0"/></method><method name="lambda$eval$0" desc="(Ljava/util/List;Ljava/lang/Integer;)Ljava/lang/String;" line="73"><counter type="INSTRUCTION" missed="6" covered="0"/><counter type="LINE" missed="1" covered="0"/><counter type="COMPLEXITY" missed="1" covered="0"/><counter type="METHOD" missed="1" covered="0"/></method><counter type="INSTRUCTION" missed="180" covered="0"/><counter type="BRANCH" missed="6" covered="0"/><counter type="LINE" missed="24" covered="0"/><counter type="COMPLEXITY" missed="12" covered="0"/><counter type="METHOD" missed="9" covered="0"/><counter type="CLASS" missed="1" covered="0"/></class><class name="it/bancaditalia/oss/vtl/impl/transform/ops/BooleanUnaryTransformation" sourcefilename="BooleanUnaryTransformation.java"><method name="&lt;init&gt;" desc="(Lit/bancaditalia/oss/vtl/model/transform/Transformation;)V" line="72"><counter type="INSTRUCTION" missed="4" covered="0"/><counter type="LINE" missed="2" covered="0"/><counter type="COMPLEXITY" missed="1" covered="0"/><counter type="METHOD" missed="1" covered="0"/></method><method name="evalOnScalar" desc="(Lit/bancaditalia/oss/vtl/model/data/ScalarValue;)Lit/bancaditalia/oss/vtl/model/data/VTLValue;" line="78"><counter type="INSTRUCTION" missed="6" covered="0"/><counter type="LINE" missed="1" covered="0"/><counter type="COMPLEXITY" missed="1" covered="0"/><counter type="METHOD" missed="1" covered="0"/></method><method name="evalOnDataset" desc="(Lit/bancaditalia/oss/vtl/model/data/DataSet;)Lit/bancaditalia/oss/vtl/model/data/VTLValue;" line="84"><counter type="INSTRUCTION" missed="11" covered="0"/><counter type="LINE" missed="2" covered="0"/><counter type="COMPLEXITY" missed="1" covered="0"/><counter type="METHOD" missed="1" covered="0"/></method><method name="getMetadata" desc="(Lit/bancaditalia/oss/vtl/model/transform/TransformationScheme;)Lit/bancaditalia/oss/vtl/model/data/VTLValue$VTLValueMetadata;" line="96"><counter type="INSTRUCTION" missed="66" covered="0"/><counter type="BRANCH" missed="8" covered="0"/><counter type="LINE" missed="13" covered="0"/><counter type="COMPLEXITY" missed="5" covered="0"/><counter type="METHOD" missed="1" covered="0"/></method><method name="lambda$getMetadata$2" desc="()Lit/bancaditalia/oss/vtl/model/data/ValueDomainSubset;" line="100"><counter type="INSTRUCTION" missed="2" covered="0"/><counter type="LINE" missed="1" covered="0"/><counter type="COMPLEXITY" missed="1" covered="0"/><counter type="METHOD" missed="1" covered="0"/></method><method name="lambda$evalOnDataset$1" desc="(Ljava/util/Set;Lit/bancaditalia/oss/vtl/model/data/DataPoint;)Ljava/util/Map;" line="87"><counter type="INSTRUCTION" missed="13" covered="0"/><counter type="LINE" missed="3" covered="0"/><counter type="COMPLEXITY" missed="1" covered="0"/><counter type="METHOD" missed="1" covered="0"/></method><method name="lambda$evalOnDataset$0" desc="(Lit/bancaditalia/oss/vtl/model/data/DataStructureComponent;Lit/bancaditalia/oss/vtl/model/data/ScalarValue;)Lit/bancaditalia/oss/vtl/model/data/ScalarValue;" line="88"><counter type="INSTRUCTION" missed="6" covered="0"/><counter type="LINE" missed="1" covered="0"/><counter type="COMPLEXITY" missed="1" covered="0"/><counter type="METHOD" missed="1" covered="0"/></method><method name="&lt;clinit&gt;" desc="()V" line="68"><counter type="INSTRUCTION" missed="3" covered="0"/><counter type="LINE" missed="1" covered="0"/><counter type="COMPLEXITY" missed="1" covered="0"/><counter type="METHOD" missed="1" covered="0"/></method><counter type="INSTRUCTION" missed="111" covered="0"/><counter type="BRANCH" missed="8" covered="0"/><counter type="LINE" missed="22" covered="0"/><counter type="COMPLEXITY" missed="12" covered="0"/><counter type="METHOD" missed="8" covered="0"/><counter type="CLASS" missed="1" covered="0"/></class><class name="it/bancaditalia/oss/vtl/impl/transform/ops/ConcatTransformation" sourcefilename="ConcatTransformation.java"><method name="&lt;init&gt;" desc="(Lit/bancaditalia/oss/vtl/model/transform/Transformation;Lit/bancaditalia/oss/vtl/model/transform/Transformation;)V" line="63"><counter type="INSTRUCTION" missed="0" covered="8"/><counter type="LINE" missed="0" covered="3"/><counter type="COMPLEXITY" missed="0" covered="1"/><counter type="METHOD" missed="0" covered="1"/></method><method name="evalTwoScalars" desc="(Lit/bancaditalia/oss/vtl/model/data/ScalarValue;Lit/bancaditalia/oss/vtl/model/data/ScalarValue;)Lit/bancaditalia/oss/vtl/model/data/VTLValue;" line="71"><counter type="INSTRUCTION" missed="12" covered="0"/><counter type="LINE" missed="1" covered="0"/><counter type="COMPLEXITY" missed="1" covered="0"/><counter type="METHOD" missed="1" covered="0"/></method><method name="evalDatasetWithScalar" desc="(ZLit/bancaditalia/oss/vtl/model/data/DataSet;Lit/bancaditalia/oss/vtl/model/data/ScalarValue;)Lit/bancaditalia/oss/vtl/model/data/VTLValue;" line="77"><counter type="INSTRUCTION" missed="27" covered="0"/><counter type="BRANCH" missed="2" covered="0"/><counter type="LINE" missed="4" covered="0"/><counter type="COMPLEXITY" missed="2" covered="0"/><counter type="METHOD" missed="1" covered="0"/></method><method name="evalTwoDatasets" desc="(Lit/bancaditalia/oss/vtl/model/data/DataSet;Lit/bancaditalia/oss/vtl/model/data/DataSet;)Lit/bancaditalia/oss/vtl/model/data/VTLValue;" line="88"><counter type="INSTRUCTION" missed="4" covered="42"/><counter type="BRANCH" missed="3" covered="3"/><counter type="LINE" missed="0" covered="6"/><counter type="COMPLEXITY" missed="3" covered="1"/><counter type="METHOD" missed="0" covered="1"/></method><method name="getMetadata" desc="(Lit/bancaditalia/oss/vtl/model/transform/TransformationScheme;)Lit/bancaditalia/oss/vtl/model/data/VTLValue$VTLValueMetadata;" line="112"><counter type="INSTRUCTION" missed="116" covered="67"/><counter type="BRANCH" missed="23" covered="5"/><counter type="LINE" missed="20" covered="17"/><counter type="COMPLEXITY" missed="14" covered="1"/><counter type="METHOD" missed="0" covered="1"/></method><method name="lambda$getMetadata$6" desc="(Lit/bancaditalia/oss/vtl/model/data/DataStructureComponent;)V" line="160"><counter type="INSTRUCTION" missed="8" covered="6"/><counter type="BRANCH" missed="1" covered="1"/><counter type="LINE" missed="1" covered="2"/><counter type="COMPLEXITY" missed="1" covered="1"/><counter type="METHOD" missed="0" covered="1"/></method><method name="lambda$getMetadata$5" desc="()Lit/bancaditalia/oss/vtl/model/domain/StringDomainSubset;" line="122"><counter type="INSTRUCTION" missed="2" covered="0"/><counter type="LINE" missed="1" covered="0"/><counter type="COMPLEXITY" missed="1" covered="0"/><counter type="METHOD" missed="1" covered="0"/></method><method name="lambda$evalTwoDatasets$4" desc="(Ljava/util/Set;Ljava/util/function/BinaryOperator;Lit/bancaditalia/oss/vtl/model/data/DataSet;Lit/bancaditalia/oss/vtl/model/data/DataSet;Lit/bancaditalia/oss/vtl/model/data/DataPoint;Lit/bancaditalia/oss/vtl/model/data/DataPoint;)Lit/bancaditalia/oss/vtl/model/data
[...]
><method name="getMetadata" desc="(Ljava/lang/String;)Lit/bancaditalia/oss/vtl/model/data/ScalarValue$VTLScalarValueMetadata;" line="65"><counter type="INSTRUCTION" missed="15" covered="0"/><counter type="BRANCH" missed="2" covered="0"/><counter type="LINE" missed="3" covered="0"/><counter type="COMPLEXITY" missed="2" covered="0"/><counter type="METHOD" missed="1" covered="0"/></method><method name="getRule" desc="(Ljava/lang/String;)Lit/bancaditalia/oss/vtl/engine/Statement;" line="74"><counter type="INSTRUCTION" missed="5" covered="0"/><counter type="LINE" missed="1" covered="0"/><counter type="COMPLEXITY" missed="1" covered="0"/><counter type="METHOD" missed="1" covered="0"/></method><method name="getRepository" desc="()Lit/bancaditalia/oss/vtl/session/MetadataRepository;" line="80"><counter type="INSTRUCTION" missed="4" covered="0"/><counter type="LINE" missed="1" covered="0"/><counter type="COMPLEXITY" missed="1" covered="0"/><counter type="METHOD" missed="1" covered="0"/></method><method name="lambda$getMetadata$9" desc="(Ljava/lang/String;)Lit/bancaditalia/oss/vtl/model/data/ValueDomainSubset;" line="68"><counter type="INSTRUCTION" missed="13" covered="0"/><counter type="LINE" missed="1" covered="0"/><counter type="COMPLEXITY" missed="1" covered="0"/><counter type="METHOD" missed="1" covered="0"/></method><method name="lambda$getMetadata$8" desc="(Ljava/lang/String;)Lit/bancaditalia/oss/vtl/exceptions/VTLUnboundNameException;" line="68"><counter type="INSTRUCTION" missed="5" covered="0"/><counter type="LINE" missed="1" covered="0"/><counter type="COMPLEXITY" missed="1" covered="0"/><counter type="METHOD" missed="1" covered="0"/></method><method name="lambda$getMetadata$7" desc="(Ljava/lang/String;Lit/bancaditalia/oss/vtl/model/data/DataStructureComponent;)Z" line="68"><counter type="INSTRUCTION" missed="5" covered="0"/><counter type="LINE" missed="1" covered="0"/><counter type="COMPLEXITY" missed="1" covered="0"/><counter type="METHOD" missed="1" covered="0"/></method><method name="lambda$getMetadata$6" desc="(Ljava/lang/String;)Lit/bancaditalia/oss/vtl/model/data/ValueDomainSubset;" line="66"><counter type="INSTRUCTION" missed="13" covered="0"/><counter type="LINE" missed="1" covered="0"/><counter type="COMPLEXITY" missed="1" covered="0"/><counter type="METHOD" missed="1" covered="0"/></method><method name="lambda$getMetadata$5" desc="(Ljava/lang/String;)Lit/bancaditalia/oss/vtl/exceptions/VTLUnboundNameException;" line="66"><counter type="INSTRUCTION" missed="5" covered="0"/><counter type="LINE" missed="1" covered="0"/><counter type="COMPLEXITY" missed="1" covered="0"/><counter type="METHOD" missed="1" covered="0"/></method><method name="lambda$getMetadata$4" desc="(Ljava/lang/String;Lit/bancaditalia/oss/vtl/model/data/DataStructureComponent;)Z" line="66"><counter type="INSTRUCTION" missed="8" covered="0"/><counter type="LINE" missed="1" covered="0"/><counter type="COMPLEXITY" missed="1" covered="0"/><counter type="METHOD" missed="1" covered="0"/></method><method name="lambda$resolve$3" desc="(Ljava/lang/String;)Lit/bancaditalia/oss/vtl/exceptions/VTLUnboundNameException;" line="59"><counter type="INSTRUCTION" missed="5" covered="0"/><counter type="LINE" missed="1" covered="0"/><counter type="COMPLEXITY" missed="1" covered="0"/><counter type="METHOD" missed="1" covered="0"/></method><method name="lambda$resolve$2" desc="(Ljava/lang/String;Lit/bancaditalia/oss/vtl/model/data/DataStructureComponent;)Z" line="59"><counter type="INSTRUCTION" missed="5" covered="0"/><counter type="LINE" missed="1" covered="0"/><counter type="COMPLEXITY" missed="1" covered="0"/><counter type="METHOD" missed="1" covered="0"/></method><method name="lambda$resolve$1" desc="(Ljava/lang/String;)Lit/bancaditalia/oss/vtl/exceptions/VTLUnboundNameException;" line="57"><counter type="INSTRUCTION" missed="5" covered="0"/><counter type="LINE" missed="1" covered="0"/><counter type="COMPLEXITY" missed="1" covered="0"/><counter type="METHOD" missed="1" covered="0"/></method><method name="lambda$resolve$0" desc="(Ljava/lang/String;Lit/bancaditalia/oss/vtl/model/data/DataStructureComponent;)Z" line="57"><counter type="INSTRUCTION" missed="8" covered="0"/><counter type="LINE" missed="1" covered="0"/><counter type="COMPLEXITY" missed="1" covered="0"/><counter type="METHOD" missed="1" covered="0"/></method><counter type="INSTRUCTION" missed="163" covered="0"/><counter type="BRANCH" missed="6" covered="0"/><counter type="LINE" missed="15" covered="0"/><counter type="COMPLEXITY" missed="18" covered="0"/><counter type="METHOD" missed="15" covered="0"/><counter type="CLASS" missed="1" covered="0"/></class><sourcefile name="JoinApplyScope.java"><line nr="27" mi="2" ci="0" mb="0" cb="0"/><line nr="28" mi="3" ci="0" mb="0" cb="0"/><line nr="29" mi="6" ci="0" mb="0" cb="0"/><line nr="30" mi="12" ci="0" mb="0" cb="0"/><line nr="31" mi="12" ci="0" mb="0" cb="0"/><line nr="32" mi="3" ci="0" mb="0" cb="0"/><line nr="33" mi="1" ci="0" mb="0" cb="0"/><line nr="36" mi="2" ci="0" mb="0" cb="0"/><line nr="37" mi="3" ci="0" mb="0" cb="0"/><line nr="38" mi="3" ci="0" mb="0" cb="0"/><line nr="39" mi="5" ci="0" mb="0" cb="0"/><line nr="40" mi="11" ci="0" mb="0" cb="0"/><line nr="41" mi="16" ci="0" mb="0" cb="0"/><line nr="42" mi="1" ci="0" mb="0" cb="0"/><line nr="47" mi="4" ci="0" mb="0" cb="0"/><line nr="53" mi="8" ci="0" mb="4" cb="0"/><line nr="54" mi="6" ci="0" mb="0" cb="0"/><line nr="56" mi="5" ci="0" mb="0" cb="0"/><line nr="62" mi="8" ci="0" mb="4" cb="0"/><line nr="63" mi="7" ci="0" mb="0" cb="0"/><line nr="64" mi="8" ci="0" mb="4" cb="0"/><line nr="65" mi="6" ci="0" mb="0" cb="0"/><line nr="67" mi="5" ci="0" mb="0" cb="0"/><line nr="73" mi="5" ci="0" mb="0" cb="0"/><counter type="INSTRUCTION" missed="142" covered="0"/><counter type="BRANCH" missed="12" covered="0"/><counter type="LINE" missed="24" covered="0"/><counter type="COMPLEXITY" missed="17" covered="0"/><counter type="METHOD" missed="11" covered="0"/><counter type="CLASS" missed="1" covered="0"/></sourcefile><sourcefile name="ParamScope.java"><line nr="37" mi="2" ci="0" mb="0" cb="0"/><line nr="38" mi="3" ci="0" mb="0" cb="0"/><line nr="39" mi="3" ci="0" mb="0" cb="0"/><line nr="40" mi="1" ci="0" mb="0" cb="0"/><line nr="45" mi="5" ci="0" mb="2" cb="0"/><line nr="46" mi="9" ci="0" mb="0" cb="0"/><line nr="48" mi="5" ci="0" mb="0" cb="0"/><line nr="54" mi="5" ci="0" mb="2" cb="0"/><line nr="55" mi="9" ci="0" mb="0" cb="0"/><line nr="57" mi="5" ci="0" mb="0" cb="0"/><line nr="63" mi="5" ci="0" mb="0" cb="0"/><line nr="69" mi="4" ci="0" mb="0" cb="0"/><counter type="INSTRUCTION" missed="56" covered="0"/><counter type="BRANCH" missed="4" covered="0"/><counter type="LINE" missed="12" covered="0"/><counter type="COMPLEXITY" missed="7" covered="0"/><counter type="METHOD" missed="5" covered="0"/><counter type="CLASS" missed="1" covered="0"/></sourcefile><sourcefile name="DatapointScope.java"><line nr="41" mi="2" ci="0" mb="0" cb="0"/><line nr="42" mi="3" ci="0" mb="0" cb="0"/><line nr="43" mi="3" ci="0" mb="0" cb="0"/><line nr="44" mi="3" ci="0" mb="0" cb="0"/><line nr="45" mi="1" ci="0" mb="0" cb="0"/><line nr="50" mi="3" ci="0" mb="2" cb="0"/><line nr="51" mi="5" ci="0" mb="0" cb="0"/><line nr="56" mi="7" ci="0" mb="2" cb="0"/><line nr="57" mi="33" ci="0" mb="0" cb="0"/><line nr="59" mi="30" ci="0" mb="0" cb="0"/><line nr="65" mi="7" ci="0" mb="2" cb="0"/><line nr="66" mi="30" ci="0" mb="0" cb="0"/><line nr="68" mi="27" ci="0" mb="0" cb="0"/><line nr="74" mi="5" ci="0" mb="0" cb="0"/><line nr="80" mi="4" ci="0" mb="0" cb="0"/><counter type="INSTRUCTION" missed="163" covered="0"/><counter type="BRANCH" missed="6" covered="0"/><counter type="LINE" missed="15" covered="0"/><counter type="COMPLEXITY" missed="18" covered="0"/><counter type="METHOD" missed="15" covered="0"/><counter type="CLASS" missed="1" covered="0"/></sourcefile><sourcefile name="ThisScope.java"><line nr="39" mi="2" ci="0" mb="0" cb="0"/><line nr="40" mi="3" ci="0" mb="0" cb="0"/><line nr="41" mi="4" ci="0" mb="0" cb="0"/><line nr="42" mi="3" ci="0" mb="0" cb="0"/><line nr="43" mi="1" ci="0" mb="0" cb="0"/><line nr="46" mi="2" ci="0" mb="0" cb="0"/><line nr="47" mi="3" ci="0" mb="0" cb="0"/><line nr="48" mi="3" ci="0" mb="0" cb="0"/><line nr="49" mi="3" ci="0" mb="0" cb="0"/><line nr="50" mi="1" ci="0" mb="0" cb="0"/><line nr="55" mi="4" ci="0" mb="2" cb="0"/><line nr="56" mi="3" ci="0" mb="0" cb="0"/><line nr="59" mi="5" ci="0" mb="0" cb="0"/><line nr="60" mi="11" ci="0" mb="4" cb="0"/><line nr="61" mi="6" ci="0" mb="0" cb="0"/><line nr="63" mi="5" ci="0" mb="0" cb="0"/><line nr="70" mi="4" ci="0" mb="2" cb="0"/><line nr="71" mi="3" ci="0" mb="0" cb="0"/><line nr="74" mi="5" ci="0" mb="0" cb="0"/><line nr="75" mi="11" ci="0" mb="4" cb="0"/><line nr="76" mi="6" ci="0" mb="0" cb="0"/><line nr="78" mi="5" ci="0" mb="0" cb="0"/><line nr="85" mi="5" ci="0" mb="0" cb="0"/><line nr="91" mi="4" ci="0" mb="0" cb="0"/><counter type="INSTRUCTION" missed="102" covered="0"/><counter type="BRANCH" missed="12" covered="0"/><counter type="LINE" missed="24" covered="0"/><counter type="COMPLEXITY" missed="12" covered="0"/><counter type="METHOD" missed="6" covered="0"/><counter type="CLASS" missed="1" covered="0"/></sourcefile><counter type="INSTRUCTION" missed="463" covered="0"/><counter type="BRANCH" missed="34" covered="0"/><counter type="LINE" missed="75" covered="0"/><counter type="COMPLEXITY" missed="54" covered="0"/><counter type="METHOD" missed="37" covered="0"/><counter type="CLASS" missed="4" covered="0"/></package><package name="it/bancaditalia/oss/vtl/impl/transform/exceptions"><class name="it/bancaditalia/oss/vtl/impl/transform/exceptions/VTLIncompatibleMeasuresException" sourcefilename="VTLIncompatibleMeasuresException.java"><method name="&lt;init&gt;" desc="(Ljava/lang/String;Lit/bancaditalia/oss/vtl/model/data/DataStructureComponent;Lit/bancaditalia/oss/vtl/model/data/DataStructureComponent;)V" line="38"><counter type="INSTRUCTION" missed="26" covered="0"/><counter type="LINE" missed="4" covered="0"/><counter type="COMPLEXITY" missed="1" covered="0"/><counter type="METHOD" missed="1" covered="0"/></method><method name="getLeftDomain" desc="()Lit/bancaditalia/oss/vtl/model/data/DataStructureComponent;" line="46"><counter type="INSTRUCTION" missed="3" covered="0"/><counter type="LINE" missed="1" covered="0"/><counter type="COMPLEXITY" missed="1" covered="0"/><counter type="METHOD" missed="1" covered="0"/></method><method name="getRightDomain" desc="()Lit/bancaditalia/oss/vtl/model/data/DataStructureComponent;" line="51"><counter type="INSTRUCTION" missed="3" covered="0"/><counter type="LINE" missed="1" covered="0"/><counter type="COMPLEXITY" missed="1" covered="0"/><counter type="METHOD" missed="1" covered="0"/></method><counter type="INSTRUCTION" missed="32" covered="0"/><counter type="LINE" missed="6" covered="0"/><counter type="COMPLEXITY" missed="3" covered="0"/><counter type="METHOD" missed="3" covered="0"/><counter type="CLASS" missed="1" covered="0"/></class><class name="it/bancaditalia/oss/vtl/impl/transform/exceptions/VTLEvalException" sourcefilename="VTLEvalException.java"><method name="&lt;init&gt;" desc="(Lit/bancaditalia/oss/vtl/model/transform/Transformation;Ljava/lang/Exception;)V" line="31"><counter type="INSTRUCTION" missed="12" covered="0"/><counter type="LINE" missed="2" covered="0"/><counter type="COMPLEXITY" missed="1" covered="0"/><counter type="METHOD" missed="1" covered="0"/></method><counter type="INSTRUCTION" missed="12" covered="0"/><counter type="LINE" missed="2" covered="0"/><counter type="COMPLEXITY" missed="1" covered="0"/><counter type="METHOD" missed="1" covered="0"/><counter type="CLASS" missed="1" covered="0"/></class><class name="it/bancaditalia/oss/vtl/impl/transform/exceptions/VTLIncompatibleRolesException" sourcefilename="VTLIncompatibleRolesException.java"><method name="&lt;init&gt;" desc="(Ljava/lang/String;Lit/bancaditalia/oss/vtl/model/data/DataStructureComponent;Ljava/lang/Class;)V" line="32"><counter type="INSTRUCTION" missed="29" covered="0"/><counter type="LINE" missed="3" covered="0"/><counter type="COMPLEXITY" missed="1" covered="0"/><counter type="METHOD" missed="1" covered="0"/></method><counter type="INSTRUCTION" missed="29" covered="0"/><counter type="LINE" missed="3" covered="0"/><counter type="COMPLEXITY" missed="1" covered="0"/><counter type="METHOD" missed="1" covered="0"/><counter type="CLASS" missed="1" covered="0"/></class><class name="it/bancaditalia/oss/vtl/impl/transform/exceptions/VTLInvalidParameterException" sourcefilename="VTLInvalidParameterException.java"><method name="&lt;init&gt;" desc="(Lit/bancaditalia/oss/vtl/model/data/VTLValue;[Ljava/lang/Class;)V" line="39"><counter type="INSTRUCTION" missed="25" covered="0"/><counter type="LINE" missed="2" covered="0"/><counter type="COMPLEXITY" missed="1" covered="0"/><counter type="METHOD" missed="1" covered="0"/></method><method name="&lt;init&gt;" desc="(Lit/bancaditalia/oss/vtl/model/data/VTLValue$VTLValueMetadata;[Ljava/lang/Class;)V" line="45"><counter type="INSTRUCTION" missed="25" covered="0"/><counter type="LINE" missed="2" covered="0"/><counter type="COMPLEXITY" missed="1" covered="0"/><counter type="METHOD" missed="1" covered="0"/></method><counter type="INSTRUCTION" missed="50" covered="0"/><counter type="LINE" missed="4" covered="0"/><counter type="COMPLEXITY" missed="2" covered="0"/><counter type="METHOD" missed="2" covered="0"/><counter type="CLASS" missed="1" covered="0"/></class><class name="it/bancaditalia/oss/vtl/impl/transform/exceptions/VTLSyntaxException" sourcefilename="VTLSyntaxException.java"><method name="&lt;init&gt;" desc="(Ljava/lang/String;Ljava/lang/Exception;)V" line="33"><counter type="INSTRUCTION" missed="12" covered="0"/><counter type="LINE" missed="2" covered="0"/><counter type="COMPLEXITY" missed="1" covered="0"/><counter type="METHOD" missed="1" covered="0"/></method><method name="&lt;init&gt;" desc="(Ljava/lang/String;)V" line="38"><counter type="INSTRUCTION" missed="11" covered="0"/><counter type="LINE" missed="2" covered="0"/><counter type="COMPLEXITY" missed="1" covered="0"/><counter type="METHOD" missed="1" covered="0"/></method><counter type="INSTRUCTION" missed="23" covered="0"/><counter type="LINE" missed="4" covered="0"/><counter type="COMPLEXITY" missed="2" covered="0"/><counter type="METHOD" missed="2" covered="0"/><counter type="CLASS" missed="1" covered="0"/></class><class name="it/bancaditalia/oss/vtl/impl/transform/exceptions/VTLExpectedComponentException" sourcefilename="VTLExpectedComponentException.java"><method name="&lt;init&gt;" desc="(Ljava/lang/Class;Lit/bancaditalia/oss/vtl/model/data/ValueDomainSubset;Ljava/util/Collection;)V" line="38"><counter type="INSTRUCTION" missed="20" covered="0"/><counter type="LINE" missed="2" covered="0"/><counter type="COMPLEXITY" missed="1" covered="0"/><counter type="METHOD" missed="1" covered="0"/></method><method name="&lt;init&gt;" desc="(Ljava/lang/Class;Ljava/util/Collection;)V" line="43"><counter type="INSTRUCTION" missed="16" covered="0"/><counter type="LINE" missed="2" covered="0"/><counter type="COMPLEXITY" missed="1" covered="0"/><counter type="METHOD" missed="1" covered="0"/></method><counter type="INSTRUCTION" missed="36" covered="0"/><counter type="LINE" missed="4" covered="0"/><counter type="COMPLEXITY" missed="2" covered="0"/><counter type="METHOD" missed="2" covered="0"/><counter type="CLASS" missed="1" covered="0"/></class><class name="it/bancaditalia/oss/vtl/impl/transform/exceptions/VTLAmbiguousComponentException" sourcefilename="VTLAmbiguousComponentException.java"><method name="&lt;init&gt;" desc="(Ljava/lang/String;Ljava/util/Set;)V" line="16"><counter type="INSTRUCTION" missed="22" covered="0"/><counter type="LINE" missed="2" covered="0"/><counter type="COMPLEXITY" missed="1" covered="0"/><counter type="METHOD" missed="1" covered="0"/></method><counter type="INSTRUCTION" missed="22" covered="0"/><counter type="LINE" missed="2" covered="0"/><counter type="COMPLEXITY" missed="1" covered="0"/><counter type="METHOD" missed="1" covered="0"/><counter type="CLASS" missed="1" covered="0"/></class><sourcefile name="VTLAmbiguousComponentException.java"><line nr="16" mi="21" ci="0" mb="0" cb="0"/><line nr="17" mi="1" ci="0" mb="0" cb="0"/><counter type="INSTRUCTION" missed="22" covered="0"/><counter type="LINE" missed="2" covered="0"/><counter type="COMPLEXITY" missed="1" covered="0"/><counter type="METHOD" missed="1" covered="0"/><counter type="CLASS" missed="1" covered="0"/></sourcefile><sourcefile name="VTLIncompatibleRolesException.java"><line nr="32" mi="23" ci="0" mb="0" cb="0"/><line nr="33" mi="5" ci="0" mb="0" cb="0"/><line nr="34" mi="1" ci="0" mb="0" cb="0"/><counter type="INSTRUCTION" missed="29" covered="0"/><counter type="LINE" missed="3" covered="0"/><counter type="COMPLEXITY" missed="1" covered="0"/><counter type="METHOD" missed="1" covered="0"/><counter type="CLASS" missed="1" covered="0"/></sourcefile><sourcefile name="VTLSyntaxException.java"><line nr="33" mi="11" ci="0" mb="0" cb="0"/><line nr="34" mi="1" ci="0" mb="0" cb="0"/><line nr="38" mi="10" ci="0" mb="0" cb="0"/><line nr="39" mi="1" ci="0" mb="0" cb="0"/><counter type="INSTRUCTION" missed="23" covered="0"/><counter type="LINE" missed="4" covered="0"/><counter type="COMPLEXITY" missed="2" covered="0"/><counter type="METHOD" missed="2" covered="0"/><counter type="CLASS" missed="1" covered="0"/></sourcefile><sourcefile name="VTLInvalidParameterException.java"><line nr="39" mi="24" ci="0" mb="0" cb="0"/><line nr="40" mi="1" ci="0" mb="0" cb="0"/><line nr="45" mi="24" ci="0" mb="0" cb="0"/><line nr="46" mi="1" ci="0" mb="0" cb="0"/><counter type="INSTRUCTION" missed="50" covered="0"/><counter type="LINE" missed="4" covered="0"/><counter type="COMPLEXITY" missed="2" covered="0"/><counter type="METHOD" missed="2" covered="0"/><counter type="CLASS" missed="1" covered="0"/></sourcefile><sourcefile name="VTLIncompatibleMeasuresException.java"><line nr="38" mi="19" ci="0" mb="0" cb="0"/><line nr="40" mi="3" ci="0" mb="0" cb="0"/><line nr="41" mi="3" ci="0" mb="0" cb="0"/><line nr="42" mi="1" ci="0" mb="0" cb="0"/><line nr="46" mi="3" ci="0" mb="0" cb="0"/><line nr="51" mi="3" ci="0" mb="0" cb="0"/><counter type="INSTRUCTION" missed="32" covered="0"/><counter type="LINE" missed="6" covered="0"/><counter type="COMPLEXITY" missed="3" covered="0"/><counter type="METHOD" missed="3" covered="0"/><counter type="CLASS" missed="1" covered="0"/></sourcefile><sourcefile name="VTLEvalException.java"><line nr="31" mi="11" ci="0" mb="0" cb="0"/><line nr="32" mi="1" ci="0" mb="0" cb="0"/><counter type="INSTRUCTION" missed="12" covered="0"/><counter type="LINE" missed="2" covered="0"/><counter type="COMPLEXITY" missed="1" covered="0"/><counter type="METHOD" missed="1" covered="0"/><counter type="CLASS" missed="1" covered="0"/></sourcefile><sourcefile name="VTLExpectedComponentException.java"><line nr="38" mi="19" ci="0" mb="0" cb="0"/><line nr="39" mi="1" ci="0" mb="0" cb="0"/><line nr="43" mi="15" ci="0" mb="0" cb="0"/><line nr="44" mi="1" ci="0" mb="0" cb="0"/><counter type="INSTRUCTION" missed="36" covered="0"/><counter type="LINE" missed="4" covered="0"/><counter type="COMPLEXITY" missed="2" covered="0"/><counter type="METHOD" missed="2" covered="0"/><counter type="CLASS" missed="1" covered="0"/></sourcefile><counter type="INSTRUCTION" missed="204" covered="0"/><counter type="LINE" missed="25" covered="0"/><counter type="COMPLEXITY" missed="12" covered="0"/><counter type="METHOD" missed="12" covered="0"/><counter type="CLASS" missed="7" covered="0"/></package><counter type="INSTRUCTION" missed="11579" covered="1119"/><counter type="BRANCH" missed="859" covered="77"/><counter type="LINE" missed="1769" covered="199"/><counter type="COMPLEXITY" missed="1010" covered="59"/><counter type="METHOD" missed="554" covered="47"/><counter type="CLASS" missed="64" covered="8"/></report>